#
# There is insufficient memory for the Java Runtime Environment to continue.
# Cannot create GC thread. Out of system resources.
# Possible reasons:
#   The system is out of physical RAM or swap space
#   The process is running with CompressedOops enabled, and the Java Heap may be blocking the growth of the native heap
# Possible solutions:
#   Reduce memory load on the system
#   Increase physical memory or swap space
#   Check if swap backing store is full
#   Decrease Java heap size (-Xmx/-Xms)
#   Decrease number of Java threads
#   Decrease Java thread stack sizes (-Xss)
#   Set larger code cache with -XX:ReservedCodeCacheSize=
# This output file may be truncated or incomplete.
#
#  Out of Memory Error (gcTaskThread.cpp:48), pid=2619605, tid=0x00007f7975b30700
#
# JRE version:  (8.0_412-b08) (build )
# Java VM: OpenJDK 64-Bit Server VM (25.412-b08 mixed mode linux-amd64 compressed oops)
# Failed to write core dump. Core dumps have been disabled. To enable core dumping, try "ulimit -c unlimited" before starting Java again
#

---------------  T H R E A D  ---------------

Current thread (0x00007f797000b800):  JavaThread "Unknown thread" [_thread_in_vm, id=2619610, stack(0x00007f7975a31000,0x00007f7975b31000)]

Stack: [0x00007f7975a31000,0x00007f7975b31000],  sp=0x00007f7975b2f7a0,  free space=1017k
Native frames: (J=compiled Java code, j=interpreted, Vv=VM code, C=native code)
V  [libjvm.so+0xb388aa]
V  [libjvm.so+0x4f2e91]
V  [libjvm.so+0x5d021f]
V  [libjvm.so+0x5cf8ff]
V  [libjvm.so+0x9a734a]
V  [libjvm.so+0xafacba]
V  [libjvm.so+0xafaf49]
V  [libjvm.so+0x648d4f]
V  [libjvm.so+0xadabf0]
V  [libjvm.so+0x72a772]  JNI_CreateJavaVM+0x62
C  [libjli.so+0x442a]
C  [libjli.so+0x8dc1]
C  [libpthread.so.0+0x8609]  start_thread+0xd9


---------------  P R O C E S S  ---------------

Java Threads: ( => current thread )

Other Threads:

=>0x00007f797000b800 (exited) JavaThread "Unknown thread" [_thread_in_vm, id=2619610, stack(0x00007f7975a31000,0x00007f7975b31000)]

VM state:not at safepoint (not fully initialized)

VM Mutex/Monitor currently owned by a thread: None

heap address: 0x00000000ff000000, size: 16 MB, Compressed Oops mode: Non-zero based:0x00000000fefff000
Narrow klass base: 0x0000000000000000, Narrow klass shift: 0

GC Heap History (0 events):
No events

Deoptimization events (0 events):
No events

Classes redefined (0 events):
No events

Internal exceptions (0 events):
No events

Events (0 events):
No events


Dynamic libraries:
ff000000-100000000 rw-p 00000000 00:00 0 
55643ebcd000-55643ebce000 r--p 00000000 08:11 11144974                   /usr/lib/jvm/java-8-openjdk-amd64/jre/bin/java
55643ebce000-55643ebcf000 r-xp 00001000 08:11 11144974                   /usr/lib/jvm/java-8-openjdk-amd64/jre/bin/java
55643ebcf000-55643ebd0000 r--p 00002000 08:11 11144974                   /usr/lib/jvm/java-8-openjdk-amd64/jre/bin/java
55643ebd0000-55643ebd1000 r--p 00002000 08:11 11144974                   /usr/lib/jvm/java-8-openjdk-amd64/jre/bin/java
55643ebd1000-55643ebd2000 rw-p 00003000 08:11 11144974                   /usr/lib/jvm/java-8-openjdk-amd64/jre/bin/java
55643ff2e000-55643ff4f000 rw-p 00000000 00:00 0                          [heap]
7f7961000000-7f7961270000 rwxp 00000000 00:00 0 
7f7961270000-7f7970000000 ---p 00000000 00:00 0 
7f7970000000-7f7970048000 rw-p 00000000 00:00 0 
7f7970048000-7f7974000000 ---p 00000000 00:00 0 
7f7974bc6000-7f7974bc7000 ---p 00000000 00:00 0 
7f7974bc7000-7f7974cc7000 rw-p 00000000 00:00 0 
7f7974cc7000-7f7974cc8000 ---p 00000000 00:00 0 
7f7974cc8000-7f7974dc8000 rw-p 00000000 00:00 0 
7f7974dc8000-7f7974dc9000 ---p 00000000 00:00 0 
7f7974dc9000-7f7974ec9000 rw-p 00000000 00:00 0 
7f7974ec9000-7f7974eca000 ---p 00000000 00:00 0 
7f7974eca000-7f7974fca000 rw-p 00000000 00:00 0 
7f7974fca000-7f7974fcb000 ---p 00000000 00:00 0 
7f7974fcb000-7f79750cb000 rw-p 00000000 00:00 0 
7f79750cb000-7f79750cc000 ---p 00000000 00:00 0 
7f79750cc000-7f79751cc000 rw-p 00000000 00:00 0 
7f79751cc000-7f79751cd000 ---p 00000000 00:00 0 
7f79751cd000-7f79752cd000 rw-p 00000000 00:00 0 
7f79752cd000-7f79752ce000 ---p 00000000 00:00 0 
7f79752ce000-7f79753ce000 rw-p 00000000 00:00 0 
7f79753ce000-7f79753cf000 ---p 00000000 00:00 0 
7f79753cf000-7f79754cf000 rw-p 00000000 00:00 0 
7f79754cf000-7f79754d0000 ---p 00000000 00:00 0 
7f79754d0000-7f79755da000 rw-p 00000000 00:00 0 
7f79755da000-7f7975990000 ---p 00000000 00:00 0 
7f7975990000-7f7975993000 r--p 00000000 08:11 22807244                   /lib/x86_64-linux-gnu/libnss_files-2.31.so
7f7975993000-7f797599a000 r-xp 00003000 08:11 22807244                   /lib/x86_64-linux-gnu/libnss_files-2.31.so
7f797599a000-7f797599c000 r--p 0000a000 08:11 22807244                   /lib/x86_64-linux-gnu/libnss_files-2.31.so
7f797599c000-7f797599d000 r--p 0000b000 08:11 22807244                   /lib/x86_64-linux-gnu/libnss_files-2.31.so
7f797599d000-7f797599e000 rw-p 0000c000 08:11 22807244                   /lib/x86_64-linux-gnu/libnss_files-2.31.so
7f797599e000-7f79759a4000 rw-p 00000000 00:00 0 
7f79759a4000-7f79759a8000 r--p 00000000 08:11 22807106                   /lib/x86_64-linux-gnu/libnsl-2.31.so
7f79759a8000-7f79759b8000 r-xp 00004000 08:11 22807106                   /lib/x86_64-linux-gnu/libnsl-2.31.so
7f79759b8000-7f79759bd000 r--p 00014000 08:11 22807106                   /lib/x86_64-linux-gnu/libnsl-2.31.so
7f79759bd000-7f79759be000 r--p 00018000 08:11 22807106                   /lib/x86_64-linux-gnu/libnsl-2.31.so
7f79759be000-7f79759bf000 rw-p 00019000 08:11 22807106                   /lib/x86_64-linux-gnu/libnsl-2.31.so
7f79759bf000-7f79759c1000 rw-p 00000000 00:00 0 
7f79759dc000-7f79759eb000 rw-p 00000000 00:00 0 
7f79759eb000-7f79759ee000 r--p 00000000 08:11 11148060                   /usr/lib/jvm/java-8-openjdk-amd64/jre/lib/amd64/libzip.so
7f79759ee000-7f79759f3000 r-xp 00003000 08:11 11148060                   /usr/lib/jvm/java-8-openjdk-amd64/jre/lib/amd64/libzip.so
7f79759f3000-7f79759f5000 r--p 00008000 08:11 11148060                   /usr/lib/jvm/java-8-openjdk-amd64/jre/lib/amd64/libzip.so
7f79759f5000-7f79759f6000 r--p 00009000 08:11 11148060                   /usr/lib/jvm/java-8-openjdk-amd64/jre/lib/amd64/libzip.so
7f79759f6000-7f79759f7000 rw-p 0000a000 08:11 11148060                   /usr/lib/jvm/java-8-openjdk-amd64/jre/lib/amd64/libzip.so
7f79759f7000-7f7975a04000 r--p 00000000 08:11 11147841                   /usr/lib/jvm/java-8-openjdk-amd64/jre/lib/amd64/libjava.so
7f7975a04000-7f7975a1c000 r-xp 0000d000 08:11 11147841                   /usr/lib/jvm/java-8-openjdk-amd64/jre/lib/amd64/libjava.so
7f7975a1c000-7f7975a23000 r--p 00025000 08:11 11147841                   /usr/lib/jvm/java-8-openjdk-amd64/jre/lib/amd64/libjava.so
7f7975a23000-7f7975a24000 r--p 0002b000 08:11 11147841                   /usr/lib/jvm/java-8-openjdk-amd64/jre/lib/amd64/libjava.so
7f7975a24000-7f7975a26000 rw-p 0002c000 08:11 11147841                   /usr/lib/jvm/java-8-openjdk-amd64/jre/lib/amd64/libjava.so
7f7975a26000-7f7975a28000 r--p 00000000 08:11 22807672                   /lib/x86_64-linux-gnu/librt-2.31.so
7f7975a28000-7f7975a2c000 r-xp 00002000 08:11 22807672                   /lib/x86_64-linux-gnu/librt-2.31.so
7f7975a2c000-7f7975a2e000 r--p 00006000 08:11 22807672                   /lib/x86_64-linux-gnu/librt-2.31.so
7f7975a2e000-7f7975a2f000 r--p 00007000 08:11 22807672                   /lib/x86_64-linux-gnu/librt-2.31.so
7f7975a2f000-7f7975a30000 rw-p 00008000 08:11 22807672                   /lib/x86_64-linux-gnu/librt-2.31.so
7f7975a30000-7f7975a31000 ---p 00000000 00:00 0 
7f7975a31000-7f7975a34000 ---p 00000000 00:00 0 
7f7975a34000-7f7975b31000 rw-p 00000000 00:00 0 
7f7975b31000-7f7975b34000 r--p 00000000 08:11 22806978                   /lib/x86_64-linux-gnu/libgcc_s.so.1
7f7975b34000-7f7975b46000 r-xp 00003000 08:11 22806978                   /lib/x86_64-linux-gnu/libgcc_s.so.1
7f7975b46000-7f7975b4a000 r--p 00015000 08:11 22806978                   /lib/x86_64-linux-gnu/libgcc_s.so.1
7f7975b4a000-7f7975b4b000 r--p 00018000 08:11 22806978                   /lib/x86_64-linux-gnu/libgcc_s.so.1
7f7975b4b000-7f7975b4c000 rw-p 00019000 08:11 22806978                   /lib/x86_64-linux-gnu/libgcc_s.so.1
7f7975b4c000-7f7975b59000 r--p 00000000 08:11 22807070                   /lib/x86_64-linux-gnu/libm-2.31.so
7f7975b59000-7f7975c00000 r-xp 0000d000 08:11 22807070                   /lib/x86_64-linux-gnu/libm-2.31.so
7f7975c00000-7f7975c99000 r--p 000b4000 08:11 22807070                   /lib/x86_64-linux-gnu/libm-2.31.so
7f7975c99000-7f7975c9a000 r--p 0014c000 08:11 22807070                   /lib/x86_64-linux-gnu/libm-2.31.so
7f7975c9a000-7f7975c9b000 rw-p 0014d000 08:11 22807070                   /lib/x86_64-linux-gnu/libm-2.31.so
7f7975c9b000-7f7975d31000 r--p 00000000 08:11 11141545                   /usr/lib/x86_64-linux-gnu/libstdc++.so.6.0.28
7f7975d31000-7f7975e22000 r-xp 00096000 08:11 11141545                   /usr/lib/x86_64-linux-gnu/libstdc++.so.6.0.28
7f7975e22000-7f7975e6b000 r--p 00187000 08:11 11141545                   /usr/lib/x86_64-linux-gnu/libstdc++.so.6.0.28
7f7975e6b000-7f7975e6c000 ---p 001d0000 08:11 11141545                   /usr/lib/x86_64-linux-gnu/libstdc++.so.6.0.28
7f7975e6c000-7f7975e77000 r--p 001d0000 08:11 11141545                   /usr/lib/x86_64-linux-gnu/libstdc++.so.6.0.28
7f7975e77000-7f7975e7a000 rw-p 001db000 08:11 11141545                   /usr/lib/x86_64-linux-gnu/libstdc++.so.6.0.28
7f7975e7a000-7f7975e7d000 rw-p 00000000 00:00 0 
7f7975e7d000-7f7976073000 r--p 00000000 08:11 11148062                   /usr/lib/jvm/java-8-openjdk-amd64/jre/lib/amd64/server/libjvm.so
7f7976073000-7f79769dd000 r-xp 001f6000 08:11 11148062                   /usr/lib/jvm/java-8-openjdk-amd64/jre/lib/amd64/server/libjvm.so
7f79769dd000-7f7976b8f000 r--p 00b60000 08:11 11148062                   /usr/lib/jvm/java-8-openjdk-amd64/jre/lib/amd64/server/libjvm.so
7f7976b8f000-7f7976b90000 ---p 00d12000 08:11 11148062                   /usr/lib/jvm/java-8-openjdk-amd64/jre/lib/amd64/server/libjvm.so
7f7976b90000-7f7976c26000 r--p 00d12000 08:11 11148062                   /usr/lib/jvm/java-8-openjdk-amd64/jre/lib/amd64/server/libjvm.so
7f7976c26000-7f7976c4f000 rw-p 00da8000 08:11 11148062                   /usr/lib/jvm/java-8-openjdk-amd64/jre/lib/amd64/server/libjvm.so
7f7976c4f000-7f7976c84000 rw-p 00000000 00:00 0 
7f7976c84000-7f7976ca6000 r--p 00000000 08:11 22806813                   /lib/x86_64-linux-gnu/libc-2.31.so
7f7976ca6000-7f7976e1e000 r-xp 00022000 08:11 22806813                   /lib/x86_64-linux-gnu/libc-2.31.so
7f7976e1e000-7f7976e6c000 r--p 0019a000 08:11 22806813                   /lib/x86_64-linux-gnu/libc-2.31.so
7f7976e6c000-7f7976e70000 r--p 001e7000 08:11 22806813                   /lib/x86_64-linux-gnu/libc-2.31.so
7f7976e70000-7f7976e72000 rw-p 001eb000 08:11 22806813                   /lib/x86_64-linux-gnu/libc-2.31.so
7f7976e72000-7f7976e76000 rw-p 00000000 00:00 0 
7f7976e76000-7f7976e77000 r--p 00000000 08:11 22806900                   /lib/x86_64-linux-gnu/libdl-2.31.so
7f7976e77000-7f7976e79000 r-xp 00001000 08:11 22806900                   /lib/x86_64-linux-gnu/libdl-2.31.so
7f7976e79000-7f7976e7a000 r--p 00003000 08:11 22806900                   /lib/x86_64-linux-gnu/libdl-2.31.so
7f7976e7a000-7f7976e7b000 r--p 00003000 08:11 22806900                   /lib/x86_64-linux-gnu/libdl-2.31.so
7f7976e7b000-7f7976e7c000 rw-p 00004000 08:11 22806900                   /lib/x86_64-linux-gnu/libdl-2.31.so
7f7976e7c000-7f7976e7f000 r--p 00000000 08:11 11147619                   /usr/lib/jvm/java-8-openjdk-amd64/jre/lib/amd64/jli/libjli.so
7f7976e7f000-7f7976e89000 r-xp 00003000 08:11 11147619                   /usr/lib/jvm/java-8-openjdk-amd64/jre/lib/amd64/jli/libjli.so
7f7976e89000-7f7976e8c000 r--p 0000d000 08:11 11147619                   /usr/lib/jvm/java-8-openjdk-amd64/jre/lib/amd64/jli/libjli.so
7f7976e8c000-7f7976e8d000 r--p 0000f000 08:11 11147619                   /usr/lib/jvm/java-8-openjdk-amd64/jre/lib/amd64/jli/libjli.so
7f7976e8d000-7f7976e8e000 rw-p 00010000 08:11 11147619                   /usr/lib/jvm/java-8-openjdk-amd64/jre/lib/amd64/jli/libjli.so
7f7976e8e000-7f7976e90000 r--p 00000000 08:11 22806740                   /lib/x86_64-linux-gnu/libz.so.1.2.11
7f7976e90000-7f7976ea1000 r-xp 00002000 08:11 22806740                   /lib/x86_64-linux-gnu/libz.so.1.2.11
7f7976ea1000-7f7976ea7000 r--p 00013000 08:11 22806740                   /lib/x86_64-linux-gnu/libz.so.1.2.11
7f7976ea7000-7f7976ea8000 ---p 00019000 08:11 22806740                   /lib/x86_64-linux-gnu/libz.so.1.2.11
7f7976ea8000-7f7976ea9000 r--p 00019000 08:11 22806740                   /lib/x86_64-linux-gnu/libz.so.1.2.11
7f7976ea9000-7f7976eaa000 rw-p 0001a000 08:11 22806740                   /lib/x86_64-linux-gnu/libz.so.1.2.11
7f7976eaa000-7f7976eb0000 r--p 00000000 08:11 22807670                   /lib/x86_64-linux-gnu/libpthread-2.31.so
7f7976eb0000-7f7976ec1000 r-xp 00006000 08:11 22807670                   /lib/x86_64-linux-gnu/libpthread-2.31.so
7f7976ec1000-7f7976ec7000 r--p 00017000 08:11 22807670                   /lib/x86_64-linux-gnu/libpthread-2.31.so
7f7976ec7000-7f7976ec8000 r--p 0001c000 08:11 22807670                   /lib/x86_64-linux-gnu/libpthread-2.31.so
7f7976ec8000-7f7976ec9000 rw-p 0001d000 08:11 22807670                   /lib/x86_64-linux-gnu/libpthread-2.31.so
7f7976ec9000-7f7976ecd000 rw-p 00000000 00:00 0 
7f7976ecd000-7f7976ed5000 rw-s 00000000 08:11 7343453                    /tmp/hsperfdata_apazokit/2619605
7f7976ed5000-7f7976ed7000 r--p 00000000 08:11 22807332                   /lib/x86_64-linux-gnu/libnss_nis-2.31.so
7f7976ed7000-7f7976edf000 r-xp 00002000 08:11 22807332                   /lib/x86_64-linux-gnu/libnss_nis-2.31.so
7f7976edf000-7f7976ee1000 r--p 0000a000 08:11 22807332                   /lib/x86_64-linux-gnu/libnss_nis-2.31.so
7f7976ee1000-7f7976ee2000 r--p 0000b000 08:11 22807332                   /lib/x86_64-linux-gnu/libnss_nis-2.31.so
7f7976ee2000-7f7976ee3000 rw-p 0000c000 08:11 22807332                   /lib/x86_64-linux-gnu/libnss_nis-2.31.so
7f7976ee3000-7f7976ee5000 r--p 00000000 08:11 22807108                   /lib/x86_64-linux-gnu/libnss_compat-2.31.so
7f7976ee5000-7f7976eec000 r-xp 00002000 08:11 22807108                   /lib/x86_64-linux-gnu/libnss_compat-2.31.so
7f7976eec000-7f7976eed000 r--p 00009000 08:11 22807108                   /lib/x86_64-linux-gnu/libnss_compat-2.31.so
7f7976eed000-7f7976eee000 r--p 00009000 08:11 22807108                   /lib/x86_64-linux-gnu/libnss_compat-2.31.so
7f7976eee000-7f7976eef000 rw-p 0000a000 08:11 22807108                   /lib/x86_64-linux-gnu/libnss_compat-2.31.so
7f7976eef000-7f7976ef0000 rw-p 00000000 00:00 0 
7f7976ef0000-7f7976ef5000 r--p 00000000 08:11 11148059                   /usr/lib/jvm/java-8-openjdk-amd64/jre/lib/amd64/libverify.so
7f7976ef5000-7f7976efe000 r-xp 00005000 08:11 11148059                   /usr/lib/jvm/java-8-openjdk-amd64/jre/lib/amd64/libverify.so
7f7976efe000-7f7976f00000 r--p 0000e000 08:11 11148059                   /usr/lib/jvm/java-8-openjdk-amd64/jre/lib/amd64/libverify.so
7f7976f00000-7f7976f02000 r--p 0000f000 08:11 11148059                   /usr/lib/jvm/java-8-openjdk-amd64/jre/lib/amd64/libverify.so
7f7976f02000-7f7976f03000 rw-p 00011000 08:11 11148059                   /usr/lib/jvm/java-8-openjdk-amd64/jre/lib/amd64/libverify.so
7f7976f03000-7f7976f05000 rw-p 00000000 00:00 0 
7f7976f05000-7f7976f06000 r--p 00000000 08:11 22806705                   /lib/x86_64-linux-gnu/ld-2.31.so
7f7976f06000-7f7976f29000 r-xp 00001000 08:11 22806705                   /lib/x86_64-linux-gnu/ld-2.31.so
7f7976f29000-7f7976f31000 r--p 00024000 08:11 22806705                   /lib/x86_64-linux-gnu/ld-2.31.so
7f7976f31000-7f7976f32000 r--p 00000000 00:00 0 
7f7976f32000-7f7976f33000 r--p 0002c000 08:11 22806705                   /lib/x86_64-linux-gnu/ld-2.31.so
7f7976f33000-7f7976f34000 rw-p 0002d000 08:11 22806705                   /lib/x86_64-linux-gnu/ld-2.31.so
7f7976f34000-7f7976f35000 rw-p 00000000 00:00 0 
7ffc9bce0000-7ffc9bd01000 rw-p 00000000 00:00 0                          [stack]
7ffc9bd54000-7ffc9bd58000 r--p 00000000 00:00 0                          [vvar]
7ffc9bd58000-7ffc9bd5a000 r-xp 00000000 00:00 0                          [vdso]
ffffffffff600000-ffffffffff601000 --xp 00000000 00:00 0                  [vsyscall]

VM Arguments:
jvm_args: -Xmx16m 
java_command: org.eclipse.jdt.internal.launching.support.LibraryDetector
java_class_path (initial): /home/apazokit/.vscode-server/data/User/globalStorage/redhat.java/1.32.0/config_ss_linux/org.eclipse.osgi/37/0/.cp/lib/launchingsupport.jar
Launcher Type: SUN_STANDARD

Environment Variables:
PATH=/home/apazokit/.vscode-server/cli/servers/Stable-ea1445cc7016315d0f5728f8e8b12a45dc0a7286/server/bin/remote-cli:/usr/local/sbin:/usr/local/bin:/usr/sbin:/usr/bin:/sbin:/bin:/usr/games:/usr/local/games:/snap/bin
SHELL=/bin/tcsh
HOSTTYPE=x86_64-linux
OSTYPE=linux
MACHTYPE=x86_64

Signal Handlers:
SIGSEGV: [libjvm.so+0xb39280], sa_mask[0]=11111111011111111101111111111110, sa_flags=SA_RESTART|SA_SIGINFO
SIGBUS: [libjvm.so+0xb39280], sa_mask[0]=11111111011111111101111111111110, sa_flags=SA_RESTART|SA_SIGINFO
SIGFPE: [libjvm.so+0x97c8e0], sa_mask[0]=11111111011111111101111111111110, sa_flags=SA_RESTART|SA_SIGINFO
SIGPIPE: [libjvm.so+0x97c8e0], sa_mask[0]=11111111011111111101111111111110, sa_flags=SA_RESTART|SA_SIGINFO
SIGXFSZ: [libjvm.so+0x97c8e0], sa_mask[0]=11111111011111111101111111111110, sa_flags=SA_RESTART|SA_SIGINFO
SIGILL: [libjvm.so+0x97c8e0], sa_mask[0]=11111111011111111101111111111110, sa_flags=SA_RESTART|SA_SIGINFO
SIGUSR1: SIG_DFL, sa_mask[0]=00000000000000000000000000000000, sa_flags=none
SIGUSR2: [libjvm.so+0x97cc10], sa_mask[0]=00100000000000000000000000000000, sa_flags=SA_RESTART|SA_SIGINFO
SIGHUP: SIG_DFL, sa_mask[0]=00000000000000000000000000000000, sa_flags=none
SIGINT: SIG_DFL, sa_mask[0]=00000000000000000000000000000000, sa_flags=none
SIGTERM: SIG_DFL, sa_mask[0]=00000000000000000000000000000000, sa_flags=none
SIGQUIT: SIG_DFL, sa_mask[0]=00000000000000000000000000000000, sa_flags=none


---------------  S Y S T E M  ---------------

OS:DISTRIB_ID=Ubuntu
DISTRIB_RELEASE=20.04
DISTRIB_CODENAME=focal
DISTRIB_DESCRIPTION="Ubuntu 20.04.6 LTS"

uname:Linux 5.15.0-107-generic #117~20.04.1-Ubuntu SMP Tue Apr 30 10:35:57 UTC 2024 x86_64
libc:glibc 2.31 NPTL 2.31 
rlimit: STACK 8192k, CORE 0k, NPROC 300, NOFILE 1048576, AS infinity
load average:1.27 1.22 1.20

/proc/meminfo:
MemTotal:       97493356 kB
MemFree:        45859360 kB
MemAvailable:   87271196 kB
Buffers:         2629852 kB
Cached:         33327644 kB
SwapCached:        46516 kB
Active:         17667340 kB
Inactive:       25304480 kB
Active(anon):     139376 kB
Inactive(anon):  6939908 kB
Active(file):   17527964 kB
Inactive(file): 18364572 kB
Unevictable:           0 kB
Mlocked:               0 kB
SwapTotal:      123729916 kB
SwapFree:       123004668 kB
Dirty:               164 kB
Writeback:             0 kB
AnonPages:       6982040 kB
Mapped:          1501084 kB
Shmem:             65108 kB
KReclaimable:    6501228 kB
Slab:            7211772 kB
SReclaimable:    6501228 kB
SUnreclaim:       710544 kB
KernelStack:       36048 kB
PageTables:        94160 kB
NFS_Unstable:          0 kB
Bounce:                0 kB
WritebackTmp:          0 kB
CommitLimit:    172476592 kB
Committed_AS:   12924812 kB
VmallocTotal:   34359738367 kB
VmallocUsed:      496392 kB
VmallocChunk:          0 kB
Percpu:            46208 kB
HardwareCorrupted:     0 kB
AnonHugePages:         0 kB
ShmemHugePages:        0 kB
ShmemPmdMapped:        0 kB
FileHugePages:         0 kB
FilePmdMapped:         0 kB
HugePages_Total:       0
HugePages_Free:        0
HugePages_Rsvd:        0
HugePages_Surp:        0
Hugepagesize:       2048 kB
Hugetlb:               0 kB
DirectMap4k:     2843264 kB
DirectMap2M:    60772352 kB
DirectMap1G:    37748736 kB

container (cgroup) information:
container_type: cgroupv1
cpu_cpuset_cpus: 0-27
cpu_memory_nodes: 0
active_processor_count: 28
cpu_quota: -1
cpu_period: 100000
cpu_shares: -1
memory_limit_in_bytes: -1
memory_and_swap_limit_in_bytes: -1
memory_soft_limit_in_bytes: -1
memory_usage_in_bytes: 32344047616
memory_max_usage_in_bytes: 96450609152


CPU:total 28 (initial active 28) (14 cores per cpu, 2 threads per core) family 6 model 85 stepping 4, cmov, cx8, fxsr, mmx, sse, sse2, sse3, ssse3, sse4.1, sse4.2, popcnt, avx, avx2, aes, clmul, erms, rtm, 3dnowpref, lzcnt, ht, tsc, tscinvbit, bmi1, bmi2, adx

/proc/cpuinfo:
processor	: 0
vendor_id	: GenuineIntel
cpu family	: 6
model		: 85
model name	: Intel(R) Xeon(R) Gold 5120 CPU @ 2.20GHz
stepping	: 4
microcode	: 0x2007006
cpu MHz		: 2367.073
cache size	: 19712 KB
physical id	: 0
siblings	: 28
core id		: 0
cpu cores	: 14
apicid		: 0
initial apicid	: 0
fpu		: yes
fpu_exception	: yes
cpuid level	: 22
wp		: yes
flags		: fpu vme de pse tsc msr pae mce cx8 apic sep mtrr pge mca cmov pat pse36 clflush dts acpi mmx fxsr sse sse2 ss ht tm pbe syscall nx pdpe1gb rdtscp lm constant_tsc art arch_perfmon pebs bts rep_good nopl xtopology nonstop_tsc cpuid aperfmperf pni pclmulqdq dtes64 monitor ds_cpl vmx smx est tm2 ssse3 sdbg fma cx16 xtpr pdcm pcid dca sse4_1 sse4_2 x2apic movbe popcnt tsc_deadline_timer aes xsave avx f16c rdrand lahf_lm abm 3dnowprefetch cpuid_fault epb cat_l3 cdp_l3 invpcid_single pti intel_ppin ssbd mba ibrs ibpb stibp tpr_shadow vnmi flexpriority ept vpid ept_ad fsgsbase tsc_adjust bmi1 hle avx2 smep bmi2 erms invpcid rtm cqm mpx rdt_a avx512f avx512dq rdseed adx smap clflushopt clwb intel_pt avx512cd avx512bw avx512vl xsaveopt xsavec xgetbv1 xsaves cqm_llc cqm_occup_llc cqm_mbm_total cqm_mbm_local dtherm ida arat pln pts pku ospke md_clear flush_l1d arch_capabilities
vmx flags	: vnmi preemption_timer posted_intr invvpid ept_x_only ept_ad ept_1gb flexpriority apicv tsc_offset vtpr mtf vapic ept vpid unrestricted_guest vapic_reg vid ple shadow_vmcs pml ept_mode_based_exec tsc_scaling
bugs		: cpu_meltdown spectre_v1 spectre_v2 spec_store_bypass l1tf mds swapgs taa itlb_multihit mmio_stale_data retbleed gds
bogomips	: 4400.00
clflush size	: 64
cache_alignment	: 64
address sizes	: 46 bits physical, 48 bits virtual
power management:

processor	: 1
vendor_id	: GenuineIntel
cpu family	: 6
model		: 85
model name	: Intel(R) Xeon(R) Gold 5120 CPU @ 2.20GHz
stepping	: 4
microcode	: 0x2007006
cpu MHz		: 1000.000
cache size	: 19712 KB
physical id	: 0
siblings	: 28
core id		: 1
cpu cores	: 14
apicid		: 2
initial apicid	: 2
fpu		: yes
fpu_exception	: yes
cpuid level	: 22
wp		: yes
flags		: fpu vme de pse tsc msr pae mce cx8 apic sep mtrr pge mca cmov pat pse36 clflush dts acpi mmx fxsr sse sse2 ss ht tm pbe syscall nx pdpe1gb rdtscp lm constant_tsc art arch_perfmon pebs bts rep_good nopl xtopology nonstop_tsc cpuid aperfmperf pni pclmulqdq dtes64 monitor ds_cpl vmx smx est tm2 ssse3 sdbg fma cx16 xtpr pdcm pcid dca sse4_1 sse4_2 x2apic movbe popcnt tsc_deadline_timer aes xsave avx f16c rdrand lahf_lm abm 3dnowprefetch cpuid_fault epb cat_l3 cdp_l3 invpcid_single pti intel_ppin ssbd mba ibrs ibpb stibp tpr_shadow vnmi flexpriority ept vpid ept_ad fsgsbase tsc_adjust bmi1 hle avx2 smep bmi2 erms invpcid rtm cqm mpx rdt_a avx512f avx512dq rdseed adx smap clflushopt clwb intel_pt avx512cd avx512bw avx512vl xsaveopt xsavec xgetbv1 xsaves cqm_llc cqm_occup_llc cqm_mbm_total cqm_mbm_local dtherm ida arat pln pts pku ospke md_clear flush_l1d arch_capabilities
vmx flags	: vnmi preemption_timer posted_intr invvpid ept_x_only ept_ad ept_1gb flexpriority apicv tsc_offset vtpr mtf vapic ept vpid unrestricted_guest vapic_reg vid ple shadow_vmcs pml ept_mode_based_exec tsc_scaling
bugs		: cpu_meltdown spectre_v1 spectre_v2 spec_store_bypass l1tf mds swapgs taa itlb_multihit mmio_stale_data retbleed gds
bogomips	: 4400.00
clflush size	: 64
cache_alignment	: 64
address sizes	: 46 bits physical, 48 bits virtual
power management:

processor	: 2
vendor_id	: GenuineIntel
cpu family	: 6
model		: 85
model name	: Intel(R) Xeon(R) Gold 5120 CPU @ 2.20GHz
stepping	: 4
microcode	: 0x2007006
cpu MHz		: 1949.971
cache size	: 19712 KB
physical id	: 0
siblings	: 28
core id		: 2
cpu cores	: 14
apicid		: 4
initial apicid	: 4
fpu		: yes
fpu_exception	: yes
cpuid level	: 22
wp		: yes
flags		: fpu vme de pse tsc msr pae mce cx8 apic sep mtrr pge mca cmov pat pse36 clflush dts acpi mmx fxsr sse sse2 ss ht tm pbe syscall nx pdpe1gb rdtscp lm constant_tsc art arch_perfmon pebs bts rep_good nopl xtopology nonstop_tsc cpuid aperfmperf pni pclmulqdq dtes64 monitor ds_cpl vmx smx est tm2 ssse3 sdbg fma cx16 xtpr pdcm pcid dca sse4_1 sse4_2 x2apic movbe popcnt tsc_deadline_timer aes xsave avx f16c rdrand lahf_lm abm 3dnowprefetch cpuid_fault epb cat_l3 cdp_l3 invpcid_single pti intel_ppin ssbd mba ibrs ibpb stibp tpr_shadow vnmi flexpriority ept vpid ept_ad fsgsbase tsc_adjust bmi1 hle avx2 smep bmi2 erms invpcid rtm cqm mpx rdt_a avx512f avx512dq rdseed adx smap clflushopt clwb intel_pt avx512cd avx512bw avx512vl xsaveopt xsavec xgetbv1 xsaves cqm_llc cqm_occup_llc cqm_mbm_total cqm_mbm_local dtherm ida arat pln pts pku ospke md_clear flush_l1d arch_capabilities
vmx flags	: vnmi preemption_timer posted_intr invvpid ept_x_only ept_ad ept_1gb flexpriority apicv tsc_offset vtpr mtf vapic ept vpid unrestricted_guest vapic_reg vid ple shadow_vmcs pml ept_mode_based_exec tsc_scaling
bugs		: cpu_meltdown spectre_v1 spectre_v2 spec_store_bypass l1tf mds swapgs taa itlb_multihit mmio_stale_data retbleed gds
bogomips	: 4400.00
clflush size	: 64
cache_alignment	: 64
address sizes	: 46 bits physical, 48 bits virtual
power management:

processor	: 3
vendor_id	: GenuineIntel
cpu family	: 6
model		: 85
model name	: Intel(R) Xeon(R) Gold 5120 CPU @ 2.20GHz
stepping	: 4
microcode	: 0x2007006
cpu MHz		: 2724.615
cache size	: 19712 KB
physical id	: 0
siblings	: 28
core id		: 3
cpu cores	: 14
apicid		: 6
initial apicid	: 6
fpu		: yes
fpu_exception	: yes
cpuid level	: 22
wp		: yes
flags		: fpu vme de pse tsc msr pae mce cx8 apic sep mtrr pge mca cmov pat pse36 clflush dts acpi mmx fxsr sse sse2 ss ht tm pbe syscall nx pdpe1gb rdtscp lm constant_tsc art arch_perfmon pebs bts rep_good nopl xtopology nonstop_tsc cpuid aperfmperf pni pclmulqdq dtes64 monitor ds_cpl vmx smx est tm2 ssse3 sdbg fma cx16 xtpr pdcm pcid dca sse4_1 sse4_2 x2apic movbe popcnt tsc_deadline_timer aes xsave avx f16c rdrand lahf_lm abm 3dnowprefetch cpuid_fault epb cat_l3 cdp_l3 invpcid_single pti intel_ppin ssbd mba ibrs ibpb stibp tpr_shadow vnmi flexpriority ept vpid ept_ad fsgsbase tsc_adjust bmi1 hle avx2 smep bmi2 erms invpcid rtm cqm mpx rdt_a avx512f avx512dq rdseed adx smap clflushopt clwb intel_pt avx512cd avx512bw avx512vl xsaveopt xsavec xgetbv1 xsaves cqm_llc cqm_occup_llc cqm_mbm_total cqm_mbm_local dtherm ida arat pln pts pku ospke md_clear flush_l1d arch_capabilities
vmx flags	: vnmi preemption_timer posted_intr invvpid ept_x_only ept_ad ept_1gb flexpriority apicv tsc_offset vtpr mtf vapic ept vpid unrestricted_guest vapic_reg vid ple shadow_vmcs pml ept_mode_based_exec tsc_scaling
bugs		: cpu_meltdown spectre_v1 spectre_v2 spec_store_bypass l1tf mds swapgs taa itlb_multihit mmio_stale_data retbleed gds
bogomips	: 4400.00
clflush size	: 64
cache_alignment	: 64
address sizes	: 46 bits physical, 48 bits virtual
power management:

processor	: 4
vendor_id	: GenuineIntel
cpu family	: 6
model		: 85
model name	: Intel(R) Xeon(R) Gold 5120 CPU @ 2.20GHz
stepping	: 4
microcode	: 0x2007006
cpu MHz		: 1000.000
cache size	: 19712 KB
physical id	: 0
siblings	: 28
core id		: 4
cpu cores	: 14
apicid		: 8
initial apicid	: 8
fpu		: yes
fpu_exception	: yes
cpuid level	: 22
wp		: yes
flags		: fpu vme de pse tsc msr pae mce cx8 apic sep mtrr pge mca cmov pat pse36 clflush dts acpi mmx fxsr sse sse2 ss ht tm pbe syscall nx pdpe1gb rdtscp lm constant_tsc art arch_perfmon pebs bts rep_good nopl xtopology nonstop_tsc cpuid aperfmperf pni pclmulqdq dtes64 monitor ds_cpl vmx smx est tm2 ssse3 sdbg fma cx16 xtpr pdcm pcid dca sse4_1 sse4_2 x2apic movbe popcnt tsc_deadline_timer aes xsave avx f16c rdrand lahf_lm abm 3dnowprefetch cpuid_fault epb cat_l3 cdp_l3 invpcid_single pti intel_ppin ssbd mba ibrs ibpb stibp tpr_shadow vnmi flexpriority ept vpid ept_ad fsgsbase tsc_adjust bmi1 hle avx2 smep bmi2 erms invpcid rtm cqm mpx rdt_a avx512f avx512dq rdseed adx smap clflushopt clwb intel_pt avx512cd avx512bw avx512vl xsaveopt xsavec xgetbv1 xsaves cqm_llc cqm_occup_llc cqm_mbm_total cqm_mbm_local dtherm ida arat pln pts pku ospke md_clear flush_l1d arch_capabilities
vmx flags	: vnmi preemption_timer posted_intr invvpid ept_x_only ept_ad ept_1gb flexpriority apicv tsc_offset vtpr mtf vapic ept vpid unrestricted_guest vapic_reg vid ple shadow_vmcs pml ept_mode_based_exec tsc_scaling
bugs		: cpu_meltdown spectre_v1 spectre_v2 spec_store_bypass l1tf mds swapgs taa itlb_multihit mmio_stale_data retbleed gds
bogomips	: 4400.00
clflush size	: 64
cache_alignment	: 64
address sizes	: 46 bits physical, 48 bits virtual
power management:

processor	: 5
vendor_id	: GenuineIntel
cpu family	: 6
model		: 85
model name	: Intel(R) Xeon(R) Gold 5120 CPU @ 2.20GHz
stepping	: 4
microcode	: 0x2007006
cpu MHz		: 1000.000
cache size	: 19712 KB
physical id	: 0
siblings	: 28
core id		: 5
cpu cores	: 14
apicid		: 10
initial apicid	: 10
fpu		: yes
fpu_exception	: yes
cpuid level	: 22
wp		: yes
flags		: fpu vme de pse tsc msr pae mce cx8 apic sep mtrr pge mca cmov pat pse36 clflush dts acpi mmx fxsr sse sse2 ss ht tm pbe syscall nx pdpe1gb rdtscp lm constant_tsc art arch_perfmon pebs bts rep_good nopl xtopology nonstop_tsc cpuid aperfmperf pni pclmulqdq dtes64 monitor ds_cpl vmx smx est tm2 ssse3 sdbg fma cx16 xtpr pdcm pcid dca sse4_1 sse4_2 x2apic movbe popcnt tsc_deadline_timer aes xsave avx f16c rdrand lahf_lm abm 3dnowprefetch cpuid_fault epb cat_l3 cdp_l3 invpcid_single pti intel_ppin ssbd mba ibrs ibpb stibp tpr_shadow vnmi flexpriority ept vpid ept_ad fsgsbase tsc_adjust bmi1 hle avx2 smep bmi2 erms invpcid rtm cqm mpx rdt_a avx512f avx512dq rdseed adx smap clflushopt clwb intel_pt avx512cd avx512bw avx512vl xsaveopt xsavec xgetbv1 xsaves cqm_llc cqm_occup_llc cqm_mbm_total cqm_mbm_local dtherm ida arat pln pts pku ospke md_clear flush_l1d arch_capabilities
vmx flags	: vnmi preemption_timer posted_intr invvpid ept_x_only ept_ad ept_1gb flexpriority apicv tsc_offset vtpr mtf vapic ept vpid unrestricted_guest vapic_reg vid ple shadow_vmcs pml ept_mode_based_exec tsc_scaling
bugs		: cpu_meltdown spectre_v1 spectre_v2 spec_store_bypass l1tf mds swapgs taa itlb_multihit mmio_stale_data retbleed gds
bogomips	: 4400.00
clflush size	: 64
cache_alignment	: 64
address sizes	: 46 bits physical, 48 bits virtual
power management:

processor	: 6
vendor_id	: GenuineIntel
cpu family	: 6
model		: 85
model name	: Intel(R) Xeon(R) Gold 5120 CPU @ 2.20GHz
stepping	: 4
microcode	: 0x2007006
cpu MHz		: 1500.000
cache size	: 19712 KB
physical id	: 0
siblings	: 28
core id		: 6
cpu cores	: 14
apicid		: 12
initial apicid	: 12
fpu		: yes
fpu_exception	: yes
cpuid level	: 22
wp		: yes
flags		: fpu vme de pse tsc msr pae mce cx8 apic sep mtrr pge mca cmov pat pse36 clflush dts acpi mmx fxsr sse sse2 ss ht tm pbe syscall nx pdpe1gb rdtscp lm constant_tsc art arch_perfmon pebs bts rep_good nopl xtopology nonstop_tsc cpuid aperfmperf pni pclmulqdq dtes64 monitor ds_cpl vmx smx est tm2 ssse3 sdbg fma cx16 xtpr pdcm pcid dca sse4_1 sse4_2 x2apic movbe popcnt tsc_deadline_timer aes xsave avx f16c rdrand lahf_lm abm 3dnowprefetch cpuid_fault epb cat_l3 cdp_l3 invpcid_single pti intel_ppin ssbd mba ibrs ibpb stibp tpr_shadow vnmi flexpriority ept vpid ept_ad fsgsbase tsc_adjust bmi1 hle avx2 smep bmi2 erms invpcid rtm cqm mpx rdt_a avx512f avx512dq rdseed adx smap clflushopt clwb intel_pt avx512cd avx512bw avx512vl xsaveopt xsavec xgetbv1 xsaves cqm_llc cqm_occup_llc cqm_mbm_total cqm_mbm_local dtherm ida arat pln pts pku ospke md_clear flush_l1d arch_capabilities
vmx flags	: vnmi preemption_timer posted_intr invvpid ept_x_only ept_ad ept_1gb flexpriority apicv tsc_offset vtpr mtf vapic ept vpid unrestricted_guest vapic_reg vid ple shadow_vmcs pml ept_mode_based_exec tsc_scaling
bugs		: cpu_meltdown spectre_v1 spectre_v2 spec_store_bypass l1tf mds swapgs taa itlb_multihit mmio_stale_data retbleed gds
bogomips	: 4400.00
clflush size	: 64
cache_alignment	: 64
address sizes	: 46 bits physical, 48 bits virtual
power management:

processor	: 7
vendor_id	: GenuineIntel
cpu family	: 6
model		: 85
model name	: Intel(R) Xeon(R) Gold 5120 CPU @ 2.20GHz
stepping	: 4
microcode	: 0x2007006
cpu MHz		: 2000.000
cache size	: 19712 KB
physical id	: 0
siblings	: 28
core id		: 8
cpu cores	: 14
apicid		: 16
initial apicid	: 16
fpu		: yes
fpu_exception	: yes
cpuid level	: 22
wp		: yes
flags		: fpu vme de pse tsc msr pae mce cx8 apic sep mtrr pge mca cmov pat pse36 clflush dts acpi mmx fxsr sse sse2 ss ht tm pbe syscall nx pdpe1gb rdtscp lm constant_tsc art arch_perfmon pebs bts rep_good nopl xtopology nonstop_tsc cpuid aperfmperf pni pclmulqdq dtes64 monitor ds_cpl vmx smx est tm2 ssse3 sdbg fma cx16 xtpr pdcm pcid dca sse4_1 sse4_2 x2apic movbe popcnt tsc_deadline_timer aes xsave avx f16c rdrand lahf_lm abm 3dnowprefetch cpuid_fault epb cat_l3 cdp_l3 invpcid_single pti intel_ppin ssbd mba ibrs ibpb stibp tpr_shadow vnmi flexpriority ept vpid ept_ad fsgsbase tsc_adjust bmi1 hle avx2 smep bmi2 erms invpcid rtm cqm mpx rdt_a avx512f avx512dq rdseed adx smap clflushopt clwb intel_pt avx512cd avx512bw avx512vl xsaveopt xsavec xgetbv1 xsaves cqm_llc cqm_occup_llc cqm_mbm_total cqm_mbm_local dtherm ida arat pln pts pku ospke md_clear flush_l1d arch_capabilities
vmx flags	: vnmi preemption_timer posted_intr invvpid ept_x_only ept_ad ept_1gb flexpriority apicv tsc_offset vtpr mtf vapic ept vpid unrestricted_guest vapic_reg vid ple shadow_vmcs pml ept_mode_based_exec tsc_scaling
bugs		: cpu_meltdown spectre_v1 spectre_v2 spec_store_bypass l1tf mds swapgs taa itlb_multihit mmio_stale_data retbleed gds
bogomips	: 4400.00
clflush size	: 64
cache_alignment	: 64
address sizes	: 46 bits physical, 48 bits virtual
power management:

processor	: 8
vendor_id	: GenuineIntel
cpu family	: 6
model		: 85
model name	: Intel(R) Xeon(R) Gold 5120 CPU @ 2.20GHz
stepping	: 4
microcode	: 0x2007006
cpu MHz		: 1000.000
cache size	: 19712 KB
physical id	: 0
siblings	: 28
core id		: 9
cpu cores	: 14
apicid		: 18
initial apicid	: 18
fpu		: yes
fpu_exception	: yes
cpuid level	: 22
wp		: yes
flags		: fpu vme de pse tsc msr pae mce cx8 apic sep mtrr pge mca cmov pat pse36 clflush dts acpi mmx fxsr sse sse2 ss ht tm pbe syscall nx pdpe1gb rdtscp lm constant_tsc art arch_perfmon pebs bts rep_good nopl xtopology nonstop_tsc cpuid aperfmperf pni pclmulqdq dtes64 monitor ds_cpl vmx smx est tm2 ssse3 sdbg fma cx16 xtpr pdcm pcid dca sse4_1 sse4_2 x2apic movbe popcnt tsc_deadline_timer aes xsave avx f16c rdrand lahf_lm abm 3dnowprefetch cpuid_fault epb cat_l3 cdp_l3 invpcid_single pti intel_ppin ssbd mba ibrs ibpb stibp tpr_shadow vnmi flexpriority ept vpid ept_ad fsgsbase tsc_adjust bmi1 hle avx2 smep bmi2 erms invpcid rtm cqm mpx rdt_a avx512f avx512dq rdseed adx smap clflushopt clwb intel_pt avx512cd avx512bw avx512vl xsaveopt xsavec xgetbv1 xsaves cqm_llc cqm_occup_llc cqm_mbm_total cqm_mbm_local dtherm ida arat pln pts pku ospke md_clear flush_l1d arch_capabilities
vmx flags	: vnmi preemption_timer posted_intr invvpid ept_x_only ept_ad ept_1gb flexpriority apicv tsc_offset vtpr mtf vapic ept vpid unrestricted_guest vapic_reg vid ple shadow_vmcs pml ept_mode_based_exec tsc_scaling
bugs		: cpu_meltdown spectre_v1 spectre_v2 spec_store_bypass l1tf mds swapgs taa itlb_multihit mmio_stale_data retbleed gds
bogomips	: 4400.00
clflush size	: 64
cache_alignment	: 64
address sizes	: 46 bits physical, 48 bits virtual
power management:

processor	: 9
vendor_id	: GenuineIntel
cpu family	: 6
model		: 85
model name	: Intel(R) Xeon(R) Gold 5120 CPU @ 2.20GHz
stepping	: 4
microcode	: 0x2007006
cpu MHz		: 1000.000
cache size	: 19712 KB
physical id	: 0
siblings	: 28
core id		: 10
cpu cores	: 14
apicid		: 20
initial apicid	: 20
fpu		: yes
fpu_exception	: yes
cpuid level	: 22
wp		: yes
flags		: fpu vme de pse tsc msr pae mce cx8 apic sep mtrr pge mca cmov pat pse36 clflush dts acpi mmx fxsr sse sse2 ss ht tm pbe syscall nx pdpe1gb rdtscp lm constant_tsc art arch_perfmon pebs bts rep_good nopl xtopology nonstop_tsc cpuid aperfmperf pni pclmulqdq dtes64 monitor ds_cpl vmx smx est tm2 ssse3 sdbg fma cx16 xtpr pdcm pcid dca sse4_1 sse4_2 x2apic movbe popcnt tsc_deadline_timer aes xsave avx f16c rdrand lahf_lm abm 3dnowprefetch cpuid_fault epb cat_l3 cdp_l3 invpcid_single pti intel_ppin ssbd mba ibrs ibpb stibp tpr_shadow vnmi flexpriority ept vpid ept_ad fsgsbase tsc_adjust bmi1 hle avx2 smep bmi2 erms invpcid rtm cqm mpx rdt_a avx512f avx512dq rdseed adx smap clflushopt clwb intel_pt avx512cd avx512bw avx512vl xsaveopt xsavec xgetbv1 xsaves cqm_llc cqm_occup_llc cqm_mbm_total cqm_mbm_local dtherm ida arat pln pts pku ospke md_clear flush_l1d arch_capabilities
vmx flags	: vnmi preemption_timer posted_intr invvpid ept_x_only ept_ad ept_1gb flexpriority apicv tsc_offset vtpr mtf vapic ept vpid unrestricted_guest vapic_reg vid ple shadow_vmcs pml ept_mode_based_exec tsc_scaling
bugs		: cpu_meltdown spectre_v1 spectre_v2 spec_store_bypass l1tf mds swapgs taa itlb_multihit mmio_stale_data retbleed gds
bogomips	: 4400.00
clflush size	: 64
cache_alignment	: 64
address sizes	: 46 bits physical, 48 bits virtual
power management:

processor	: 10
vendor_id	: GenuineIntel
cpu family	: 6
model		: 85
model name	: Intel(R) Xeon(R) Gold 5120 CPU @ 2.20GHz
stepping	: 4
microcode	: 0x2007006
cpu MHz		: 1259.811
cache size	: 19712 KB
physical id	: 0
siblings	: 28
core id		: 11
cpu cores	: 14
apicid		: 22
initial apicid	: 22
fpu		: yes
fpu_exception	: yes
cpuid level	: 22
wp		: yes
flags		: fpu vme de pse tsc msr pae mce cx8 apic sep mtrr pge mca cmov pat pse36 clflush dts acpi mmx fxsr sse sse2 ss ht tm pbe syscall nx pdpe1gb rdtscp lm constant_tsc art arch_perfmon pebs bts rep_good nopl xtopology nonstop_tsc cpuid aperfmperf pni pclmulqdq dtes64 monitor ds_cpl vmx smx est tm2 ssse3 sdbg fma cx16 xtpr pdcm pcid dca sse4_1 sse4_2 x2apic movbe popcnt tsc_deadline_timer aes xsave avx f16c rdrand lahf_lm abm 3dnowprefetch cpuid_fault epb cat_l3 cdp_l3 invpcid_single pti intel_ppin ssbd mba ibrs ibpb stibp tpr_shadow vnmi flexpriority ept vpid ept_ad fsgsbase tsc_adjust bmi1 hle avx2 smep bmi2 erms invpcid rtm cqm mpx rdt_a avx512f avx512dq rdseed adx smap clflushopt clwb intel_pt avx512cd avx512bw avx512vl xsaveopt xsavec xgetbv1 xsaves cqm_llc cqm_occup_llc cqm_mbm_total cqm_mbm_local dtherm ida arat pln pts pku ospke md_clear flush_l1d arch_capabilities
vmx flags	: vnmi preemption_timer posted_intr invvpid ept_x_only ept_ad ept_1gb flexpriority apicv tsc_offset vtpr mtf vapic ept vpid unrestricted_guest vapic_reg vid ple shadow_vmcs pml ept_mode_based_exec tsc_scaling
bugs		: cpu_meltdown spectre_v1 spectre_v2 spec_store_bypass l1tf mds swapgs taa itlb_multihit mmio_stale_data retbleed gds
bogomips	: 4400.00
clflush size	: 64
cache_alignment	: 64
address sizes	: 46 bits physical, 48 bits virtual
power management:

processor	: 11
vendor_id	: GenuineIntel
cpu family	: 6
model		: 85
model name	: Intel(R) Xeon(R) Gold 5120 CPU @ 2.20GHz
stepping	: 4
microcode	: 0x2007006
cpu MHz		: 2200.000
cache size	: 19712 KB
physical id	: 0
siblings	: 28
core id		: 12
cpu cores	: 14
apicid		: 24
initial apicid	: 24
fpu		: yes
fpu_exception	: yes
cpuid level	: 22
wp		: yes
flags		: fpu vme de pse tsc msr pae mce cx8 apic sep mtrr pge mca cmov pat pse36 clflush dts acpi mmx fxsr sse sse2 ss ht tm pbe syscall nx pdpe1gb rdtscp lm constant_tsc art arch_perfmon pebs bts rep_good nopl xtopology nonstop_tsc cpuid aperfmperf pni pclmulqdq dtes64 monitor ds_cpl vmx smx est tm2 ssse3 sdbg fma cx16 xtpr pdcm pcid dca sse4_1 sse4_2 x2apic movbe popcnt tsc_deadline_timer aes xsave avx f16c rdrand lahf_lm abm 3dnowprefetch cpuid_fault epb cat_l3 cdp_l3 invpcid_single pti intel_ppin ssbd mba ibrs ibpb stibp tpr_shadow vnmi flexpriority ept vpid ept_ad fsgsbase tsc_adjust bmi1 hle avx2 smep bmi2 erms invpcid rtm cqm mpx rdt_a avx512f avx512dq rdseed adx smap clflushopt clwb intel_pt avx512cd avx512bw avx512vl xsaveopt xsavec xgetbv1 xsaves cqm_llc cqm_occup_llc cqm_mbm_total cqm_mbm_local dtherm ida arat pln pts pku ospke md_clear flush_l1d arch_capabilities
vmx flags	: vnmi preemption_timer posted_intr invvpid ept_x_only ept_ad ept_1gb flexpriority apicv tsc_offset vtpr mtf vapic ept vpid unrestricted_guest vapic_reg vid ple shadow_vmcs pml ept_mode_based_exec tsc_scaling
bugs		: cpu_meltdown spectre_v1 spectre_v2 spec_store_bypass l1tf mds swapgs taa itlb_multihit mmio_stale_data retbleed gds
bogomips	: 4400.00
clflush size	: 64
cache_alignment	: 64
address sizes	: 46 bits physical, 48 bits virtual
power management:

processor	: 12
vendor_id	: GenuineIntel
cpu family	: 6
model		: 85
model name	: Intel(R) Xeon(R) Gold 5120 CPU @ 2.20GHz
stepping	: 4
microcode	: 0x2007006
cpu MHz		: 1700.000
cache size	: 19712 KB
physical id	: 0
siblings	: 28
core id		: 13
cpu cores	: 14
apicid		: 26
initial apicid	: 26
fpu		: yes
fpu_exception	: yes
cpuid level	: 22
wp		: yes
flags		: fpu vme de pse tsc msr pae mce cx8 apic sep mtrr pge mca cmov pat pse36 clflush dts acpi mmx fxsr sse sse2 ss ht tm pbe syscall nx pdpe1gb rdtscp lm constant_tsc art arch_perfmon pebs bts rep_good nopl xtopology nonstop_tsc cpuid aperfmperf pni pclmulqdq dtes64 monitor ds_cpl vmx smx est tm2 ssse3 sdbg fma cx16 xtpr pdcm pcid dca sse4_1 sse4_2 x2apic movbe popcnt tsc_deadline_timer aes xsave avx f16c rdrand lahf_lm abm 3dnowprefetch cpuid_fault epb cat_l3 cdp_l3 invpcid_single pti intel_ppin ssbd mba ibrs ibpb stibp tpr_shadow vnmi flexpriority ept vpid ept_ad fsgsbase tsc_adjust bmi1 hle avx2 smep bmi2 erms invpcid rtm cqm mpx rdt_a avx512f avx512dq rdseed adx smap clflushopt clwb intel_pt avx512cd avx512bw avx512vl xsaveopt xsavec xgetbv1 xsaves cqm_llc cqm_occup_llc cqm_mbm_total cqm_mbm_local dtherm ida arat pln pts pku ospke md_clear flush_l1d arch_capabilities
vmx flags	: vnmi preemption_timer posted_intr invvpid ept_x_only ept_ad ept_1gb flexpriority apicv tsc_offset vtpr mtf vapic ept vpid unrestricted_guest vapic_reg vid ple shadow_vmcs pml ept_mode_based_exec tsc_scaling
bugs		: cpu_meltdown spectre_v1 spectre_v2 spec_store_bypass l1tf mds swapgs taa itlb_multihit mmio_stale_data retbleed gds
bogomips	: 4400.00
clflush size	: 64
cache_alignment	: 64
address sizes	: 46 bits physical, 48 bits virtual
power management:

processor	: 13
vendor_id	: GenuineIntel
cpu family	: 6
model		: 85
model name	: Intel(R) Xeon(R) Gold 5120 CPU @ 2.20GHz
stepping	: 4
microcode	: 0x2007006
cpu MHz		: 1100.000
cache size	: 19712 KB
physical id	: 0
siblings	: 28
core id		: 14
cpu cores	: 14
apicid		: 28
initial apicid	: 28
fpu		: yes
fpu_exception	: yes
cpuid level	: 22
wp		: yes
flags		: fpu vme de pse tsc msr pae mce cx8 apic sep mtrr pge mca cmov pat pse36 clflush dts acpi mmx fxsr sse sse2 ss ht tm pbe syscall nx pdpe1gb rdtscp lm constant_tsc art arch_perfmon pebs bts rep_good nopl xtopology nonstop_tsc cpuid aperfmperf pni pclmulqdq dtes64 monitor ds_cpl vmx smx est tm2 ssse3 sdbg fma cx16 xtpr pdcm pcid dca sse4_1 sse4_2 x2apic movbe popcnt tsc_deadline_timer aes xsave avx f16c rdrand lahf_lm abm 3dnowprefetch cpuid_fault epb cat_l3 cdp_l3 invpcid_single pti intel_ppin ssbd mba ibrs ibpb stibp tpr_shadow vnmi flexpriority ept vpid ept_ad fsgsbase tsc_adjust bmi1 hle avx2 smep bmi2 erms invpcid rtm cqm mpx rdt_a avx512f avx512dq rdseed adx smap clflushopt clwb intel_pt avx512cd avx512bw avx512vl xsaveopt xsavec xgetbv1 xsaves cqm_llc cqm_occup_llc cqm_mbm_total cqm_mbm_local dtherm ida arat pln pts pku ospke md_clear flush_l1d arch_capabilities
vmx flags	: vnmi preemption_timer posted_intr invvpid ept_x_only ept_ad ept_1gb flexpriority apicv tsc_offset vtpr mtf vapic ept vpid unrestricted_guest vapic_reg vid ple shadow_vmcs pml ept_mode_based_exec tsc_scaling
bugs		: cpu_meltdown spectre_v1 spectre_v2 spec_store_bypass l1tf mds swapgs taa itlb_multihit mmio_stale_data retbleed gds
bogomips	: 4400.00
clflush size	: 64
cache_alignment	: 64
address sizes	: 46 bits physical, 48 bits virtual
power management:

processor	: 14
vendor_id	: GenuineIntel
cpu family	: 6
model		: 85
model name	: Intel(R) Xeon(R) Gold 5120 CPU @ 2.20GHz
stepping	: 4
microcode	: 0x2007006
cpu MHz		: 1000.000
cache size	: 19712 KB
physical id	: 0
siblings	: 28
core id		: 0
cpu cores	: 14
apicid		: 1
initial apicid	: 1
fpu		: yes
fpu_exception	: yes
cpuid level	: 22
wp		: yes
flags		: fpu vme de pse tsc msr pae mce cx8 apic sep mtrr pge mca cmov pat pse36 clflush dts acpi mmx fxsr sse sse2 ss ht tm pbe syscall nx pdpe1gb rdtscp lm constant_tsc art arch_perfmon pebs bts rep_good nopl xtopology nonstop_tsc cpuid aperfmperf pni pclmulqdq dtes64 monitor ds_cpl vmx smx est tm2 ssse3 sdbg fma cx16 xtpr pdcm pcid dca sse4_1 sse4_2 x2apic movbe popcnt tsc_deadline_timer aes xsave avx f16c rdrand lahf_lm abm 3dnowprefetch cpuid_fault epb cat_l3 cdp_l3 invpcid_single pti intel_ppin ssbd mba ibrs ibpb stibp tpr_shadow vnmi flexpriority ept vpid ept_ad fsgsbase tsc_adjust bmi1 hle avx2 smep bmi2 erms invpcid rtm cqm mpx rdt_a avx512f avx512dq rdseed adx smap clflushopt clwb intel_pt avx512cd avx512bw avx512vl xsaveopt xsavec xgetbv1 xsaves cqm_llc cqm_occup_llc cqm_mbm_total cqm_mbm_local dtherm ida arat pln pts pku ospke md_clear flush_l1d arch_capabilities
vmx flags	: vnmi preemption_timer posted_intr invvpid ept_x_only ept_ad ept_1gb flexpriority apicv tsc_offset vtpr mtf vapic ept vpid unrestricted_guest vapic_reg vid ple shadow_vmcs pml ept_mode_based_exec tsc_scaling
bugs		: cpu_meltdown spectre_v1 spectre_v2 spec_store_bypass l1tf mds swapgs taa itlb_multihit mmio_stale_data retbleed gds
bogomips	: 4400.00
clflush size	: 64
cache_alignment	: 64
address sizes	: 46 bits physical, 48 bits virtual
power management:

processor	: 15
vendor_id	: GenuineIntel
cpu family	: 6
model		: 85
model name	: Intel(R) Xeon(R) Gold 5120 CPU @ 2.20GHz
stepping	: 4
microcode	: 0x2007006
cpu MHz		: 1000.000
cache size	: 19712 KB
physical id	: 0
siblings	: 28
core id		: 1
cpu cores	: 14
apicid		: 3
initial apicid	: 3
fpu		: yes
fpu_exception	: yes
cpuid level	: 22
wp		: yes
flags		: fpu vme de pse tsc msr pae mce cx8 apic sep mtrr pge mca cmov pat pse36 clflush dts acpi mmx fxsr sse sse2 ss ht tm pbe syscall nx pdpe1gb rdtscp lm constant_tsc art arch_perfmon pebs bts rep_good nopl xtopology nonstop_tsc cpuid aperfmperf pni pclmulqdq dtes64 monitor ds_cpl vmx smx est tm2 ssse3 sdbg fma cx16 xtpr pdcm pcid dca sse4_1 sse4_2 x2apic movbe popcnt tsc_deadline_timer aes xsave avx f16c rdrand lahf_lm abm 3dnowprefetch cpuid_fault epb cat_l3 cdp_l3 invpcid_single pti intel_ppin ssbd mba ibrs ibpb stibp tpr_shadow vnmi flexpriority ept vpid ept_ad fsgsbase tsc_adjust bmi1 hle avx2 smep bmi2 erms invpcid rtm cqm mpx rdt_a avx512f avx512dq rdseed adx smap clflushopt clwb intel_pt avx512cd avx512bw avx512vl xsaveopt xsavec xgetbv1 xsaves cqm_llc cqm_occup_llc cqm_mbm_total cqm_mbm_local dtherm ida arat pln pts pku ospke md_clear flush_l1d arch_capabilities
vmx flags	: vnmi preemption_timer posted_intr invvpid ept_x_only ept_ad ept_1gb flexpriority apicv tsc_offset vtpr mtf vapic ept vpid unrestricted_guest vapic_reg vid ple shadow_vmcs pml ept_mode_based_exec tsc_scaling
bugs		: cpu_meltdown spectre_v1 spectre_v2 spec_store_bypass l1tf mds swapgs taa itlb_multihit mmio_stale_data retbleed gds
bogomips	: 4400.00
clflush size	: 64
cache_alignment	: 64
address sizes	: 46 bits physical, 48 bits virtual
power management:

processor	: 16
vendor_id	: GenuineIntel
cpu family	: 6
model		: 85
model name	: Intel(R) Xeon(R) Gold 5120 CPU @ 2.20GHz
stepping	: 4
microcode	: 0x2007006
cpu MHz		: 1754.950
cache size	: 19712 KB
physical id	: 0
siblings	: 28
core id		: 2
cpu cores	: 14
apicid		: 5
initial apicid	: 5
fpu		: yes
fpu_exception	: yes
cpuid level	: 22
wp		: yes
flags		: fpu vme de pse tsc msr pae mce cx8 apic sep mtrr pge mca cmov pat pse36 clflush dts acpi mmx fxsr sse sse2 ss ht tm pbe syscall nx pdpe1gb rdtscp lm constant_tsc art arch_perfmon pebs bts rep_good nopl xtopology nonstop_tsc cpuid aperfmperf pni pclmulqdq dtes64 monitor ds_cpl vmx smx est tm2 ssse3 sdbg fma cx16 xtpr pdcm pcid dca sse4_1 sse4_2 x2apic movbe popcnt tsc_deadline_timer aes xsave avx f16c rdrand lahf_lm abm 3dnowprefetch cpuid_fault epb cat_l3 cdp_l3 invpcid_single pti intel_ppin ssbd mba ibrs ibpb stibp tpr_shadow vnmi flexpriority ept vpid ept_ad fsgsbase tsc_adjust bmi1 hle avx2 smep bmi2 erms invpcid rtm cqm mpx rdt_a avx512f avx512dq rdseed adx smap clflushopt clwb intel_pt avx512cd avx512bw avx512vl xsaveopt xsavec xgetbv1 xsaves cqm_llc cqm_occup_llc cqm_mbm_total cqm_mbm_local dtherm ida arat pln pts pku ospke md_clear flush_l1d arch_capabilities
vmx flags	: vnmi preemption_timer posted_intr invvpid ept_x_only ept_ad ept_1gb flexpriority apicv tsc_offset vtpr mtf vapic ept vpid unrestricted_guest vapic_reg vid ple shadow_vmcs pml ept_mode_based_exec tsc_scaling
bugs		: cpu_meltdown spectre_v1 spectre_v2 spec_store_bypass l1tf mds swapgs taa itlb_multihit mmio_stale_data retbleed gds
bogomips	: 4400.00
clflush size	: 64
cache_alignment	: 64
address sizes	: 46 bits physical, 48 bits virtual
power management:

processor	: 17
vendor_id	: GenuineIntel
cpu family	: 6
model		: 85
model name	: Intel(R) Xeon(R) Gold 5120 CPU @ 2.20GHz
stepping	: 4
microcode	: 0x2007006
cpu MHz		: 2500.000
cache size	: 19712 KB
physical id	: 0
siblings	: 28
core id		: 3
cpu cores	: 14
apicid		: 7
initial apicid	: 7
fpu		: yes
fpu_exception	: yes
cpuid level	: 22
wp		: yes
flags		: fpu vme de pse tsc msr pae mce cx8 apic sep mtrr pge mca cmov pat pse36 clflush dts acpi mmx fxsr sse sse2 ss ht tm pbe syscall nx pdpe1gb rdtscp lm constant_tsc art arch_perfmon pebs bts rep_good nopl xtopology nonstop_tsc cpuid aperfmperf pni pclmulqdq dtes64 monitor ds_cpl vmx smx est tm2 ssse3 sdbg fma cx16 xtpr pdcm pcid dca sse4_1 sse4_2 x2apic movbe popcnt tsc_deadline_timer aes xsave avx f16c rdrand lahf_lm abm 3dnowprefetch cpuid_fault epb cat_l3 cdp_l3 invpcid_single pti intel_ppin ssbd mba ibrs ibpb stibp tpr_shadow vnmi flexpriority ept vpid ept_ad fsgsbase tsc_adjust bmi1 hle avx2 smep bmi2 erms invpcid rtm cqm mpx rdt_a avx512f avx512dq rdseed adx smap clflushopt clwb intel_pt avx512cd avx512bw avx512vl xsaveopt xsavec xgetbv1 xsaves cqm_llc cqm_occup_llc cqm_mbm_total cqm_mbm_local dtherm ida arat pln pts pku ospke md_clear flush_l1d arch_capabilities
vmx flags	: vnmi preemption_timer posted_intr invvpid ept_x_only ept_ad ept_1gb flexpriority apicv tsc_offset vtpr mtf vapic ept vpid unrestricted_guest vapic_reg vid ple shadow_vmcs pml ept_mode_based_exec tsc_scaling
bugs		: cpu_meltdown spectre_v1 spectre_v2 spec_store_bypass l1tf mds swapgs taa itlb_multihit mmio_stale_data retbleed gds
bogomips	: 4400.00
clflush size	: 64
cache_alignment	: 64
address sizes	: 46 bits physical, 48 bits virtual
power management:

processor	: 18
vendor_id	: GenuineIntel
cpu family	: 6
model		: 85
model name	: Intel(R) Xeon(R) Gold 5120 CPU @ 2.20GHz
stepping	: 4
microcode	: 0x2007006
cpu MHz		: 1500.000
cache size	: 19712 KB
physical id	: 0
siblings	: 28
core id		: 4
cpu cores	: 14
apicid		: 9
initial apicid	: 9
fpu		: yes
fpu_exception	: yes
cpuid level	: 22
wp		: yes
flags		: fpu vme de pse tsc msr pae mce cx8 apic sep mtrr pge mca cmov pat pse36 clflush dts acpi mmx fxsr sse sse2 ss ht tm pbe syscall nx pdpe1gb rdtscp lm constant_tsc art arch_perfmon pebs bts rep_good nopl xtopology nonstop_tsc cpuid aperfmperf pni pclmulqdq dtes64 monitor ds_cpl vmx smx est tm2 ssse3 sdbg fma cx16 xtpr pdcm pcid dca sse4_1 sse4_2 x2apic movbe popcnt tsc_deadline_timer aes xsave avx f16c rdrand lahf_lm abm 3dnowprefetch cpuid_fault epb cat_l3 cdp_l3 invpcid_single pti intel_ppin ssbd mba ibrs ibpb stibp tpr_shadow vnmi flexpriority ept vpid ept_ad fsgsbase tsc_adjust bmi1 hle avx2 smep bmi2 erms invpcid rtm cqm mpx rdt_a avx512f avx512dq rdseed adx smap clflushopt clwb intel_pt avx512cd avx512bw avx512vl xsaveopt xsavec xgetbv1 xsaves cqm_llc cqm_occup_llc cqm_mbm_total cqm_mbm_local dtherm ida arat pln pts pku ospke md_clear flush_l1d arch_capabilities
vmx flags	: vnmi preemption_timer posted_intr invvpid ept_x_only ept_ad ept_1gb flexpriority apicv tsc_offset vtpr mtf vapic ept vpid unrestricted_guest vapic_reg vid ple shadow_vmcs pml ept_mode_based_exec tsc_scaling
bugs		: cpu_meltdown spectre_v1 spectre_v2 spec_store_bypass l1tf mds swapgs taa itlb_multihit mmio_stale_data retbleed gds
bogomips	: 4400.00
clflush size	: 64
cache_alignment	: 64
address sizes	: 46 bits physical, 48 bits virtual
power management:

processor	: 19
vendor_id	: GenuineIntel
cpu family	: 6
model		: 85
model name	: Intel(R) Xeon(R) Gold 5120 CPU @ 2.20GHz
stepping	: 4
microcode	: 0x2007006
cpu MHz		: 1000.000
cache size	: 19712 KB
physical id	: 0
siblings	: 28
core id		: 5
cpu cores	: 14
apicid		: 11
initial apicid	: 11
fpu		: yes
fpu_exception	: yes
cpuid level	: 22
wp		: yes
flags		: fpu vme de pse tsc msr pae mce cx8 apic sep mtrr pge mca cmov pat pse36 clflush dts acpi mmx fxsr sse sse2 ss ht tm pbe syscall nx pdpe1gb rdtscp lm constant_tsc art arch_perfmon pebs bts rep_good nopl xtopology nonstop_tsc cpuid aperfmperf pni pclmulqdq dtes64 monitor ds_cpl vmx smx est tm2 ssse3 sdbg fma cx16 xtpr pdcm pcid dca sse4_1 sse4_2 x2apic movbe popcnt tsc_deadline_timer aes xsave avx f16c rdrand lahf_lm abm 3dnowprefetch cpuid_fault epb cat_l3 cdp_l3 invpcid_single pti intel_ppin ssbd mba ibrs ibpb stibp tpr_shadow vnmi flexpriority ept vpid ept_ad fsgsbase tsc_adjust bmi1 hle avx2 smep bmi2 erms invpcid rtm cqm mpx rdt_a avx512f avx512dq rdseed adx smap clflushopt clwb intel_pt avx512cd avx512bw avx512vl xsaveopt xsavec xgetbv1 xsaves cqm_llc cqm_occup_llc cqm_mbm_total cqm_mbm_local dtherm ida arat pln pts pku ospke md_clear flush_l1d arch_capabilities
vmx flags	: vnmi preemption_timer posted_intr invvpid ept_x_only ept_ad ept_1gb flexpriority apicv tsc_offset vtpr mtf vapic ept vpid unrestricted_guest vapic_reg vid ple shadow_vmcs pml ept_mode_based_exec tsc_scaling
bugs		: cpu_meltdown spectre_v1 spectre_v2 spec_store_bypass l1tf mds swapgs taa itlb_multihit mmio_stale_data retbleed gds
bogomips	: 4400.00
clflush size	: 64
cache_alignment	: 64
address sizes	: 46 bits physical, 48 bits virtual
power management:

processor	: 20
vendor_id	: GenuineIntel
cpu family	: 6
model		: 85
model name	: Intel(R) Xeon(R) Gold 5120 CPU @ 2.20GHz
stepping	: 4
microcode	: 0x2007006
cpu MHz		: 1000.000
cache size	: 19712 KB
physical id	: 0
siblings	: 28
core id		: 6
cpu cores	: 14
apicid		: 13
initial apicid	: 13
fpu		: yes
fpu_exception	: yes
cpuid level	: 22
wp		: yes
flags		: fpu vme de pse tsc msr pae mce cx8 apic sep mtrr pge mca cmov pat pse36 clflush dts acpi mmx fxsr sse sse2 ss ht tm pbe syscall nx pdpe1gb rdtscp lm constant_tsc art arch_perfmon pebs bts rep_good nopl xtopology nonstop_tsc cpuid aperfmperf pni pclmulqdq dtes64 monitor ds_cpl vmx smx est tm2 ssse3 sdbg fma cx16 xtpr pdcm pcid dca sse4_1 sse4_2 x2apic movbe popcnt tsc_deadline_timer aes xsave avx f16c rdrand lahf_lm abm 3dnowprefetch cpuid_fault epb cat_l3 cdp_l3 invpcid_single pti intel_ppin ssbd mba ibrs ibpb stibp tpr_shadow vnmi flexpriority ept vpid ept_ad fsgsbase tsc_adjust bmi1 hle avx2 smep bmi2 erms invpcid rtm cqm mpx rdt_a avx512f avx512dq rdseed adx smap clflushopt clwb intel_pt avx512cd avx512bw avx512vl xsaveopt xsavec xgetbv1 xsaves cqm_llc cqm_occup_llc cqm_mbm_total cqm_mbm_local dtherm ida arat pln pts pku ospke md_clear flush_l1d arch_capabilities
vmx flags	: vnmi preemption_timer posted_intr invvpid ept_x_only ept_ad ept_1gb flexpriority apicv tsc_offset vtpr mtf vapic ept vpid unrestricted_guest vapic_reg vid ple shadow_vmcs pml ept_mode_based_exec tsc_scaling
bugs		: cpu_meltdown spectre_v1 spectre_v2 spec_store_bypass l1tf mds swapgs taa itlb_multihit mmio_stale_data retbleed gds
bogomips	: 4400.00
clflush size	: 64
cache_alignment	: 64
address sizes	: 46 bits physical, 48 bits virtual
power management:

processor	: 21
vendor_id	: GenuineIntel
cpu family	: 6
model		: 85
model name	: Intel(R) Xeon(R) Gold 5120 CPU @ 2.20GHz
stepping	: 4
microcode	: 0x2007006
cpu MHz		: 1200.000
cache size	: 19712 KB
physical id	: 0
siblings	: 28
core id		: 8
cpu cores	: 14
apicid		: 17
initial apicid	: 17
fpu		: yes
fpu_exception	: yes
cpuid level	: 22
wp		: yes
flags		: fpu vme de pse tsc msr pae mce cx8 apic sep mtrr pge mca cmov pat pse36 clflush dts acpi mmx fxsr sse sse2 ss ht tm pbe syscall nx pdpe1gb rdtscp lm constant_tsc art arch_perfmon pebs bts rep_good nopl xtopology nonstop_tsc cpuid aperfmperf pni pclmulqdq dtes64 monitor ds_cpl vmx smx est tm2 ssse3 sdbg fma cx16 xtpr pdcm pcid dca sse4_1 sse4_2 x2apic movbe popcnt tsc_deadline_timer aes xsave avx f16c rdrand lahf_lm abm 3dnowprefetch cpuid_fault epb cat_l3 cdp_l3 invpcid_single pti intel_ppin ssbd mba ibrs ibpb stibp tpr_shadow vnmi flexpriority ept vpid ept_ad fsgsbase tsc_adjust bmi1 hle avx2 smep bmi2 erms invpcid rtm cqm mpx rdt_a avx512f avx512dq rdseed adx smap clflushopt clwb intel_pt avx512cd avx512bw avx512vl xsaveopt xsavec xgetbv1 xsaves cqm_llc cqm_occup_llc cqm_mbm_total cqm_mbm_local dtherm ida arat pln pts pku ospke md_clear flush_l1d arch_capabilities
vmx flags	: vnmi preemption_timer posted_intr invvpid ept_x_only ept_ad ept_1gb flexpriority apicv tsc_offset vtpr mtf vapic ept vpid unrestricted_guest vapic_reg vid ple shadow_vmcs pml ept_mode_based_exec tsc_scaling
bugs		: cpu_meltdown spectre_v1 spectre_v2 spec_store_bypass l1tf mds swapgs taa itlb_multihit mmio_stale_data retbleed gds
bogomips	: 4400.00
clflush size	: 64
cache_alignment	: 64
address sizes	: 46 bits physical, 48 bits virtual
power management:

processor	: 22
vendor_id	: GenuineIntel
cpu family	: 6
model		: 85
model name	: Intel(R) Xeon(R) Gold 5120 CPU @ 2.20GHz
stepping	: 4
microcode	: 0x2007006
cpu MHz		: 1500.000
cache size	: 19712 KB
physical id	: 0
siblings	: 28
core id		: 9
cpu cores	: 14
apicid		: 19
initial apicid	: 19
fpu		: yes
fpu_exception	: yes
cpuid level	: 22
wp		: yes
flags		: fpu vme de pse tsc msr pae mce cx8 apic sep mtrr pge mca cmov pat pse36 clflush dts acpi mmx fxsr sse sse2 ss ht tm pbe syscall nx pdpe1gb rdtscp lm constant_tsc art arch_perfmon pebs bts rep_good nopl xtopology nonstop_tsc cpuid aperfmperf pni pclmulqdq dtes64 monitor ds_cpl vmx smx est tm2 ssse3 sdbg fma cx16 xtpr pdcm pcid dca sse4_1 sse4_2 x2apic movbe popcnt tsc_deadline_timer aes xsave avx f16c rdrand lahf_lm abm 3dnowprefetch cpuid_fault epb cat_l3 cdp_l3 invpcid_single pti intel_ppin ssbd mba ibrs ibpb stibp tpr_shadow vnmi flexpriority ept vpid ept_ad fsgsbase tsc_adjust bmi1 hle avx2 smep bmi2 erms invpcid rtm cqm mpx rdt_a avx512f avx512dq rdseed adx smap clflushopt clwb intel_pt avx512cd avx512bw avx512vl xsaveopt xsavec xgetbv1 xsaves cqm_llc cqm_occup_llc cqm_mbm_total cqm_mbm_local dtherm ida arat pln pts pku ospke md_clear flush_l1d arch_capabilities
vmx flags	: vnmi preemption_timer posted_intr invvpid ept_x_only ept_ad ept_1gb flexpriority apicv tsc_offset vtpr mtf vapic ept vpid unrestricted_guest vapic_reg vid ple shadow_vmcs pml ept_mode_based_exec tsc_scaling
bugs		: cpu_meltdown spectre_v1 spectre_v2 spec_store_bypass l1tf mds swapgs taa itlb_multihit mmio_stale_data retbleed gds
bogomips	: 4400.00
clflush size	: 64
cache_alignment	: 64
address sizes	: 46 bits physical, 48 bits virtual
power management:

processor	: 23
vendor_id	: GenuineIntel
cpu family	: 6
model		: 85
model name	: Intel(R) Xeon(R) Gold 5120 CPU @ 2.20GHz
stepping	: 4
microcode	: 0x2007006
cpu MHz		: 1000.000
cache size	: 19712 KB
physical id	: 0
siblings	: 28
core id		: 10
cpu cores	: 14
apicid		: 21
initial apicid	: 21
fpu		: yes
fpu_exception	: yes
cpuid level	: 22
wp		: yes
flags		: fpu vme de pse tsc msr pae mce cx8 apic sep mtrr pge mca cmov pat pse36 clflush dts acpi mmx fxsr sse sse2 ss ht tm pbe syscall nx pdpe1gb rdtscp lm constant_tsc art arch_perfmon pebs bts rep_good nopl xtopology nonstop_tsc cpuid aperfmperf pni pclmulqdq dtes64 monitor ds_cpl vmx smx est tm2 ssse3 sdbg fma cx16 xtpr pdcm pcid dca sse4_1 sse4_2 x2apic movbe popcnt tsc_deadline_timer aes xsave avx f16c rdrand lahf_lm abm 3dnowprefetch cpuid_fault epb cat_l3 cdp_l3 invpcid_single pti intel_ppin ssbd mba ibrs ibpb stibp tpr_shadow vnmi flexpriority ept vpid ept_ad fsgsbase tsc_adjust bmi1 hle avx2 smep bmi2 erms invpcid rtm cqm mpx rdt_a avx512f avx512dq rdseed adx smap clflushopt clwb intel_pt avx512cd avx512bw avx512vl xsaveopt xsavec xgetbv1 xsaves cqm_llc cqm_occup_llc cqm_mbm_total cqm_mbm_local dtherm ida arat pln pts pku ospke md_clear flush_l1d arch_capabilities
vmx flags	: vnmi preemption_timer posted_intr invvpid ept_x_only ept_ad ept_1gb flexpriority apicv tsc_offset vtpr mtf vapic ept vpid unrestricted_guest vapic_reg vid ple shadow_vmcs pml ept_mode_based_exec tsc_scaling
bugs		: cpu_meltdown spectre_v1 spectre_v2 spec_store_bypass l1tf mds swapgs taa itlb_multihit mmio_stale_data retbleed gds
bogomips	: 4400.00
clflush size	: 64
cache_alignment	: 64
address sizes	: 46 bits physical, 48 bits virtual
power management:

processor	: 24
vendor_id	: GenuineIntel
cpu family	: 6
model		: 85
model name	: Intel(R) Xeon(R) Gold 5120 CPU @ 2.20GHz
stepping	: 4
microcode	: 0x2007006
cpu MHz		: 1000.000
cache size	: 19712 KB
physical id	: 0
siblings	: 28
core id		: 11
cpu cores	: 14
apicid		: 23
initial apicid	: 23
fpu		: yes
fpu_exception	: yes
cpuid level	: 22
wp		: yes
flags		: fpu vme de pse tsc msr pae mce cx8 apic sep mtrr pge mca cmov pat pse36 clflush dts acpi mmx fxsr sse sse2 ss ht tm pbe syscall nx pdpe1gb rdtscp lm constant_tsc art arch_perfmon pebs bts rep_good nopl xtopology nonstop_tsc cpuid aperfmperf pni pclmulqdq dtes64 monitor ds_cpl vmx smx est tm2 ssse3 sdbg fma cx16 xtpr pdcm pcid dca sse4_1 sse4_2 x2apic movbe popcnt tsc_deadline_timer aes xsave avx f16c rdrand lahf_lm abm 3dnowprefetch cpuid_fault epb cat_l3 cdp_l3 invpcid_single pti intel_ppin ssbd mba ibrs ibpb stibp tpr_shadow vnmi flexpriority ept vpid ept_ad fsgsbase tsc_adjust bmi1 hle avx2 smep bmi2 erms invpcid rtm cqm mpx rdt_a avx512f avx512dq rdseed adx smap clflushopt clwb intel_pt avx512cd avx512bw avx512vl xsaveopt xsavec xgetbv1 xsaves cqm_llc cqm_occup_llc cqm_mbm_total cqm_mbm_local dtherm ida arat pln pts pku ospke md_clear flush_l1d arch_capabilities
vmx flags	: vnmi preemption_timer posted_intr invvpid ept_x_only ept_ad ept_1gb flexpriority apicv tsc_offset vtpr mtf vapic ept vpid unrestricted_guest vapic_reg vid ple shadow_vmcs pml ept_mode_based_exec tsc_scaling
bugs		: cpu_meltdown spectre_v1 spectre_v2 spec_store_bypass l1tf mds swapgs taa itlb_multihit mmio_stale_data retbleed gds
bogomips	: 4400.00
clflush size	: 64
cache_alignment	: 64
address sizes	: 46 bits physical, 48 bits virtual
power management:

processor	: 25
vendor_id	: GenuineIntel
cpu family	: 6
model		: 85
model name	: Intel(R) Xeon(R) Gold 5120 CPU @ 2.20GHz
stepping	: 4
microcode	: 0x2007006
cpu MHz		: 1000.000
cache size	: 19712 KB
physical id	: 0
siblings	: 28
core id		: 12
cpu cores	: 14
apicid		: 25
initial apicid	: 25
fpu		: yes
fpu_exception	: yes
cpuid level	: 22
wp		: yes
flags		: fpu vme de pse tsc msr pae mce cx8 apic sep mtrr pge mca cmov pat pse36 clflush dts acpi mmx fxsr sse sse2 ss ht tm pbe syscall nx pdpe1gb rdtscp lm constant_tsc art arch_perfmon pebs bts rep_good nopl xtopology nonstop_tsc cpuid aperfmperf pni pclmulqdq dtes64 monitor ds_cpl vmx smx est tm2 ssse3 sdbg fma cx16 xtpr pdcm pcid dca sse4_1 sse4_2 x2apic movbe popcnt tsc_deadline_timer aes xsave avx f16c rdrand lahf_lm abm 3dnowprefetch cpuid_fault epb cat_l3 cdp_l3 invpcid_single pti intel_ppin ssbd mba ibrs ibpb stibp tpr_shadow vnmi flexpriority ept vpid ept_ad fsgsbase tsc_adjust bmi1 hle avx2 smep bmi2 erms invpcid rtm cqm mpx rdt_a avx512f avx512dq rdseed adx smap clflushopt clwb intel_pt avx512cd avx512bw avx512vl xsaveopt xsavec xgetbv1 xsaves cqm_llc cqm_occup_llc cqm_mbm_total cqm_mbm_local dtherm ida arat pln pts pku ospke md_clear flush_l1d arch_capabilities
vmx flags	: vnmi preemption_timer posted_intr invvpid ept_x_only ept_ad ept_1gb flexpriority apicv tsc_offset vtpr mtf vapic ept vpid unrestricted_guest vapic_reg vid ple shadow_vmcs pml ept_mode_based_exec tsc_scaling
bugs		: cpu_meltdown spectre_v1 spectre_v2 spec_store_bypass l1tf mds swapgs taa itlb_multihit mmio_stale_data retbleed gds
bogomips	: 4400.00
clflush size	: 64
cache_alignment	: 64
address sizes	: 46 bits physical, 48 bits virtual
power management:

processor	: 26
vendor_id	: GenuineIntel
cpu family	: 6
model		: 85
model name	: Intel(R) Xeon(R) Gold 5120 CPU @ 2.20GHz
stepping	: 4
microcode	: 0x2007006
cpu MHz		: 1000.000
cache size	: 19712 KB
physical id	: 0
siblings	: 28
core id		: 13
cpu cores	: 14
apicid		: 27
initial apicid	: 27
fpu		: yes
fpu_exception	: yes
cpuid level	: 22
wp		: yes
flags		: fpu vme de pse tsc msr pae mce cx8 apic sep mtrr pge mca cmov pat pse36 clflush dts acpi mmx fxsr sse sse2 ss ht tm pbe syscall nx pdpe1gb rdtscp lm constant_tsc art arch_perfmon pebs bts rep_good nopl xtopology nonstop_tsc cpuid aperfmperf pni pclmulqdq dtes64 monitor ds_cpl vmx smx est tm2 ssse3 sdbg fma cx16 xtpr pdcm pcid dca sse4_1 sse4_2 x2apic movbe popcnt tsc_deadline_timer aes xsave avx f16c rdrand lahf_lm abm 3dnowprefetch cpuid_fault epb cat_l3 cdp_l3 invpcid_single pti intel_ppin ssbd mba ibrs ibpb stibp tpr_shadow vnmi flexpriority ept vpid ept_ad fsgsbase tsc_adjust bmi1 hle avx2 smep bmi2 erms invpcid rtm cqm mpx rdt_a avx512f avx512dq rdseed adx smap clflushopt clwb intel_pt avx512cd avx512bw avx512vl xsaveopt xsavec xgetbv1 xsaves cqm_llc cqm_occup_llc cqm_mbm_total cqm_mbm_local dtherm ida arat pln pts pku ospke md_clear flush_l1d arch_capabilities
vmx flags	: vnmi preemption_timer posted_intr invvpid ept_x_only ept_ad ept_1gb flexpriority apicv tsc_offset vtpr mtf vapic ept vpid unrestricted_guest vapic_reg vid ple shadow_vmcs pml ept_mode_based_exec tsc_scaling
bugs		: cpu_meltdown spectre_v1 spectre_v2 spec_store_bypass l1tf mds swapgs taa itlb_multihit mmio_stale_data retbleed gds
bogomips	: 4400.00
clflush size	: 64
cache_alignment	: 64
address sizes	: 46 bits physical, 48 bits virtual
power management:

processor	: 27
vendor_id	: GenuineIntel
cpu family	: 6
model		: 85
model name	: Intel(R) Xeon(R) Gold 5120 CPU @ 2.20GHz
stepping	: 4
microcode	: 0x2007006
cpu MHz		: 1000.000
cache size	: 19712 KB
physical id	: 0
siblings	: 28
core id		: 14
cpu cores	: 14
apicid		: 29
initial apicid	: 29
fpu		: yes
fpu_exception	: yes
cpuid level	: 22
wp		: yes
flags		: fpu vme de pse tsc msr pae mce cx8 apic sep mtrr pge mca cmov pat pse36 clflush dts acpi mmx fxsr sse sse2 ss ht tm pbe syscall nx pdpe1gb rdtscp lm constant_tsc art arch_perfmon pebs bts rep_good nopl xtopology nonstop_tsc cpuid aperfmperf pni pclmulqdq dtes64 monitor ds_cpl vmx smx est tm2 ssse3 sdbg fma cx16 xtpr pdcm pcid dca sse4_1 sse4_2 x2apic movbe popcnt tsc_deadline_timer aes xsave avx f16c rdrand lahf_lm abm 3dnowprefetch cpuid_fault epb cat_l3 cdp_l3 invpcid_single pti intel_ppin ssbd mba ibrs ibpb stibp tpr_shadow vnmi flexpriority ept vpid ept_ad fsgsbase tsc_adjust bmi1 hle avx2 smep bmi2 erms invpcid rtm cqm mpx rdt_a avx512f avx512dq rdseed adx smap clflushopt clwb intel_pt avx512cd avx512bw avx512vl xsaveopt xsavec xgetbv1 xsaves cqm_llc cqm_occup_llc cqm_mbm_total cqm_mbm_local dtherm ida arat pln pts pku ospke md_clear flush_l1d arch_capabilities
vmx flags	: vnmi preemption_timer posted_intr invvpid ept_x_only ept_ad ept_1gb flexpriority apicv tsc_offset vtpr mtf vapic ept vpid unrestricted_guest vapic_reg vid ple shadow_vmcs pml ept_mode_based_exec tsc_scaling
bugs		: cpu_meltdown spectre_v1 spectre_v2 spec_store_bypass l1tf mds swapgs taa itlb_multihit mmio_stale_data retbleed gds
bogomips	: 4400.00
clflush size	: 64
cache_alignment	: 64
address sizes	: 46 bits physical, 48 bits virtual
power management:



Memory: 4k page, physical 97493356k(45858352k free), swap 123729916k(123004668k free)

vm_info: OpenJDK 64-Bit Server VM (25.412-b08) for linux-amd64 JRE (1.8.0_412-8u412-ga-1~20.04.1-b08), built on May 30 2024 06:03:26 by "buildd" with gcc 9.4.0

time: Thu Jul 11 15:35:50 2024
timezone: EDT
elapsed time: 0.055195 seconds (0d 0h 0m 0s)

