#
# There is insufficient memory for the Java Runtime Environment to continue.
# Cannot create GC thread. Out of system resources.
# Possible reasons:
#   The system is out of physical RAM or swap space
#   The process is running with CompressedOops enabled, and the Java Heap may be blocking the growth of the native heap
# Possible solutions:
#   Reduce memory load on the system
#   Increase physical memory or swap space
#   Check if swap backing store is full
#   Decrease Java heap size (-Xmx/-Xms)
#   Decrease number of Java threads
#   Decrease Java thread stack sizes (-Xss)
#   Set larger code cache with -XX:ReservedCodeCacheSize=
# This output file may be truncated or incomplete.
#
#  Out of Memory Error (gcTaskThread.cpp:48), pid=1050455, tid=0x00007fda8dfd9700
#
# JRE version:  (8.0_412-b08) (build )
# Java VM: OpenJDK 64-Bit Server VM (25.412-b08 mixed mode linux-amd64 compressed oops)
# Failed to write core dump. Core dumps have been disabled. To enable core dumping, try "ulimit -c unlimited" before starting Java again
#

---------------  T H R E A D  ---------------

Current thread (0x00007fda8800b800):  JavaThread "Unknown thread" [_thread_in_vm, id=1050460, stack(0x00007fda8deda000,0x00007fda8dfda000)]

Stack: [0x00007fda8deda000,0x00007fda8dfda000],  sp=0x00007fda8dfd87a0,  free space=1017k
Native frames: (J=compiled Java code, j=interpreted, Vv=VM code, C=native code)
V  [libjvm.so+0xb388aa]
V  [libjvm.so+0x4f2e91]
V  [libjvm.so+0x5d021f]
V  [libjvm.so+0x5cf8ff]
V  [libjvm.so+0x9a734a]
V  [libjvm.so+0xafacba]
V  [libjvm.so+0xafaf49]
V  [libjvm.so+0x648d4f]
V  [libjvm.so+0xadabf0]
V  [libjvm.so+0x72a772]  JNI_CreateJavaVM+0x62
C  [libjli.so+0x442a]
C  [libjli.so+0x8dc1]
C  [libpthread.so.0+0x8609]  start_thread+0xd9


---------------  P R O C E S S  ---------------

Java Threads: ( => current thread )

Other Threads:

=>0x00007fda8800b800 (exited) JavaThread "Unknown thread" [_thread_in_vm, id=1050460, stack(0x00007fda8deda000,0x00007fda8dfda000)]

VM state:not at safepoint (not fully initialized)

VM Mutex/Monitor currently owned by a thread: None

heap address: 0x00000000ff000000, size: 16 MB, Compressed Oops mode: Non-zero based:0x00000000fefff000
Narrow klass base: 0x0000000000000000, Narrow klass shift: 0

GC Heap History (0 events):
No events

Deoptimization events (0 events):
No events

Classes redefined (0 events):
No events

Internal exceptions (0 events):
No events

Events (0 events):
No events


Dynamic libraries:
ff000000-100000000 rw-p 00000000 00:00 0 
564bf14ca000-564bf14cb000 r--p 00000000 08:11 11144974                   /usr/lib/jvm/java-8-openjdk-amd64/jre/bin/java
564bf14cb000-564bf14cc000 r-xp 00001000 08:11 11144974                   /usr/lib/jvm/java-8-openjdk-amd64/jre/bin/java
564bf14cc000-564bf14cd000 r--p 00002000 08:11 11144974                   /usr/lib/jvm/java-8-openjdk-amd64/jre/bin/java
564bf14cd000-564bf14ce000 r--p 00002000 08:11 11144974                   /usr/lib/jvm/java-8-openjdk-amd64/jre/bin/java
564bf14ce000-564bf14cf000 rw-p 00003000 08:11 11144974                   /usr/lib/jvm/java-8-openjdk-amd64/jre/bin/java
564bf1bcb000-564bf1bec000 rw-p 00000000 00:00 0                          [heap]
7fda79000000-7fda79270000 rwxp 00000000 00:00 0 
7fda79270000-7fda88000000 ---p 00000000 00:00 0 
7fda88000000-7fda88056000 rw-p 00000000 00:00 0 
7fda88056000-7fda8c000000 ---p 00000000 00:00 0 
7fda8c867000-7fda8c868000 ---p 00000000 00:00 0 
7fda8c868000-7fda8c968000 rw-p 00000000 00:00 0 
7fda8c968000-7fda8c969000 ---p 00000000 00:00 0 
7fda8c969000-7fda8ca69000 rw-p 00000000 00:00 0 
7fda8ca69000-7fda8ca6a000 ---p 00000000 00:00 0 
7fda8ca6a000-7fda8cb6a000 rw-p 00000000 00:00 0 
7fda8cb6a000-7fda8cb6b000 ---p 00000000 00:00 0 
7fda8cb6b000-7fda8cc6b000 rw-p 00000000 00:00 0 
7fda8cc6b000-7fda8cc6c000 ---p 00000000 00:00 0 
7fda8cc6c000-7fda8cd6c000 rw-p 00000000 00:00 0 
7fda8cd6c000-7fda8cd6d000 ---p 00000000 00:00 0 
7fda8cd6d000-7fda8ce6d000 rw-p 00000000 00:00 0 
7fda8ce6d000-7fda8ce6e000 ---p 00000000 00:00 0 
7fda8ce6e000-7fda8cf6e000 rw-p 00000000 00:00 0 
7fda8cf6e000-7fda8cf6f000 ---p 00000000 00:00 0 
7fda8cf6f000-7fda8d06f000 rw-p 00000000 00:00 0 
7fda8d06f000-7fda8d070000 ---p 00000000 00:00 0 
7fda8d070000-7fda8d170000 rw-p 00000000 00:00 0 
7fda8d170000-7fda8d171000 ---p 00000000 00:00 0 
7fda8d171000-7fda8d271000 rw-p 00000000 00:00 0 
7fda8d271000-7fda8d272000 ---p 00000000 00:00 0 
7fda8d272000-7fda8d372000 rw-p 00000000 00:00 0 
7fda8d372000-7fda8d373000 ---p 00000000 00:00 0 
7fda8d373000-7fda8d473000 rw-p 00000000 00:00 0 
7fda8d473000-7fda8d474000 ---p 00000000 00:00 0 
7fda8d474000-7fda8d574000 rw-p 00000000 00:00 0 
7fda8d574000-7fda8d575000 ---p 00000000 00:00 0 
7fda8d575000-7fda8d675000 rw-p 00000000 00:00 0 
7fda8d675000-7fda8d676000 ---p 00000000 00:00 0 
7fda8d676000-7fda8d776000 rw-p 00000000 00:00 0 
7fda8d776000-7fda8d777000 ---p 00000000 00:00 0 
7fda8d777000-7fda8d877000 rw-p 00000000 00:00 0 
7fda8d877000-7fda8d878000 ---p 00000000 00:00 0 
7fda8d878000-7fda8d978000 rw-p 00000000 00:00 0 
7fda8d978000-7fda8d979000 ---p 00000000 00:00 0 
7fda8d979000-7fda8da83000 rw-p 00000000 00:00 0 
7fda8da83000-7fda8de39000 ---p 00000000 00:00 0 
7fda8de39000-7fda8de3c000 r--p 00000000 08:11 22807244                   /lib/x86_64-linux-gnu/libnss_files-2.31.so
7fda8de3c000-7fda8de43000 r-xp 00003000 08:11 22807244                   /lib/x86_64-linux-gnu/libnss_files-2.31.so
7fda8de43000-7fda8de45000 r--p 0000a000 08:11 22807244                   /lib/x86_64-linux-gnu/libnss_files-2.31.so
7fda8de45000-7fda8de46000 r--p 0000b000 08:11 22807244                   /lib/x86_64-linux-gnu/libnss_files-2.31.so
7fda8de46000-7fda8de47000 rw-p 0000c000 08:11 22807244                   /lib/x86_64-linux-gnu/libnss_files-2.31.so
7fda8de47000-7fda8de4d000 rw-p 00000000 00:00 0 
7fda8de4d000-7fda8de51000 r--p 00000000 08:11 22807106                   /lib/x86_64-linux-gnu/libnsl-2.31.so
7fda8de51000-7fda8de61000 r-xp 00004000 08:11 22807106                   /lib/x86_64-linux-gnu/libnsl-2.31.so
7fda8de61000-7fda8de66000 r--p 00014000 08:11 22807106                   /lib/x86_64-linux-gnu/libnsl-2.31.so
7fda8de66000-7fda8de67000 r--p 00018000 08:11 22807106                   /lib/x86_64-linux-gnu/libnsl-2.31.so
7fda8de67000-7fda8de68000 rw-p 00019000 08:11 22807106                   /lib/x86_64-linux-gnu/libnsl-2.31.so
7fda8de68000-7fda8de6a000 rw-p 00000000 00:00 0 
7fda8de85000-7fda8de94000 rw-p 00000000 00:00 0 
7fda8de94000-7fda8de97000 r--p 00000000 08:11 11148060                   /usr/lib/jvm/java-8-openjdk-amd64/jre/lib/amd64/libzip.so
7fda8de97000-7fda8de9c000 r-xp 00003000 08:11 11148060                   /usr/lib/jvm/java-8-openjdk-amd64/jre/lib/amd64/libzip.so
7fda8de9c000-7fda8de9e000 r--p 00008000 08:11 11148060                   /usr/lib/jvm/java-8-openjdk-amd64/jre/lib/amd64/libzip.so
7fda8de9e000-7fda8de9f000 r--p 00009000 08:11 11148060                   /usr/lib/jvm/java-8-openjdk-amd64/jre/lib/amd64/libzip.so
7fda8de9f000-7fda8dea0000 rw-p 0000a000 08:11 11148060                   /usr/lib/jvm/java-8-openjdk-amd64/jre/lib/amd64/libzip.so
7fda8dea0000-7fda8dead000 r--p 00000000 08:11 11147841                   /usr/lib/jvm/java-8-openjdk-amd64/jre/lib/amd64/libjava.so
7fda8dead000-7fda8dec5000 r-xp 0000d000 08:11 11147841                   /usr/lib/jvm/java-8-openjdk-amd64/jre/lib/amd64/libjava.so
7fda8dec5000-7fda8decc000 r--p 00025000 08:11 11147841                   /usr/lib/jvm/java-8-openjdk-amd64/jre/lib/amd64/libjava.so
7fda8decc000-7fda8decd000 r--p 0002b000 08:11 11147841                   /usr/lib/jvm/java-8-openjdk-amd64/jre/lib/amd64/libjava.so
7fda8decd000-7fda8decf000 rw-p 0002c000 08:11 11147841                   /usr/lib/jvm/java-8-openjdk-amd64/jre/lib/amd64/libjava.so
7fda8decf000-7fda8ded1000 r--p 00000000 08:11 22807672                   /lib/x86_64-linux-gnu/librt-2.31.so
7fda8ded1000-7fda8ded5000 r-xp 00002000 08:11 22807672                   /lib/x86_64-linux-gnu/librt-2.31.so
7fda8ded5000-7fda8ded7000 r--p 00006000 08:11 22807672                   /lib/x86_64-linux-gnu/librt-2.31.so
7fda8ded7000-7fda8ded8000 r--p 00007000 08:11 22807672                   /lib/x86_64-linux-gnu/librt-2.31.so
7fda8ded8000-7fda8ded9000 rw-p 00008000 08:11 22807672                   /lib/x86_64-linux-gnu/librt-2.31.so
7fda8ded9000-7fda8deda000 ---p 00000000 00:00 0 
7fda8deda000-7fda8dedd000 ---p 00000000 00:00 0 
7fda8dedd000-7fda8dfda000 rw-p 00000000 00:00 0 
7fda8dfda000-7fda8dfdd000 r--p 00000000 08:11 22806978                   /lib/x86_64-linux-gnu/libgcc_s.so.1
7fda8dfdd000-7fda8dfef000 r-xp 00003000 08:11 22806978                   /lib/x86_64-linux-gnu/libgcc_s.so.1
7fda8dfef000-7fda8dff3000 r--p 00015000 08:11 22806978                   /lib/x86_64-linux-gnu/libgcc_s.so.1
7fda8dff3000-7fda8dff4000 r--p 00018000 08:11 22806978                   /lib/x86_64-linux-gnu/libgcc_s.so.1
7fda8dff4000-7fda8dff5000 rw-p 00019000 08:11 22806978                   /lib/x86_64-linux-gnu/libgcc_s.so.1
7fda8dff5000-7fda8e002000 r--p 00000000 08:11 22807070                   /lib/x86_64-linux-gnu/libm-2.31.so
7fda8e002000-7fda8e0a9000 r-xp 0000d000 08:11 22807070                   /lib/x86_64-linux-gnu/libm-2.31.so
7fda8e0a9000-7fda8e142000 r--p 000b4000 08:11 22807070                   /lib/x86_64-linux-gnu/libm-2.31.so
7fda8e142000-7fda8e143000 r--p 0014c000 08:11 22807070                   /lib/x86_64-linux-gnu/libm-2.31.so
7fda8e143000-7fda8e144000 rw-p 0014d000 08:11 22807070                   /lib/x86_64-linux-gnu/libm-2.31.so
7fda8e144000-7fda8e1da000 r--p 00000000 08:11 11141545                   /usr/lib/x86_64-linux-gnu/libstdc++.so.6.0.28
7fda8e1da000-7fda8e2cb000 r-xp 00096000 08:11 11141545                   /usr/lib/x86_64-linux-gnu/libstdc++.so.6.0.28
7fda8e2cb000-7fda8e314000 r--p 00187000 08:11 11141545                   /usr/lib/x86_64-linux-gnu/libstdc++.so.6.0.28
7fda8e314000-7fda8e315000 ---p 001d0000 08:11 11141545                   /usr/lib/x86_64-linux-gnu/libstdc++.so.6.0.28
7fda8e315000-7fda8e320000 r--p 001d0000 08:11 11141545                   /usr/lib/x86_64-linux-gnu/libstdc++.so.6.0.28
7fda8e320000-7fda8e323000 rw-p 001db000 08:11 11141545                   /usr/lib/x86_64-linux-gnu/libstdc++.so.6.0.28
7fda8e323000-7fda8e326000 rw-p 00000000 00:00 0 
7fda8e326000-7fda8e51c000 r--p 00000000 08:11 11148062                   /usr/lib/jvm/java-8-openjdk-amd64/jre/lib/amd64/server/libjvm.so
7fda8e51c000-7fda8ee86000 r-xp 001f6000 08:11 11148062                   /usr/lib/jvm/java-8-openjdk-amd64/jre/lib/amd64/server/libjvm.so
7fda8ee86000-7fda8f038000 r--p 00b60000 08:11 11148062                   /usr/lib/jvm/java-8-openjdk-amd64/jre/lib/amd64/server/libjvm.so
7fda8f038000-7fda8f039000 ---p 00d12000 08:11 11148062                   /usr/lib/jvm/java-8-openjdk-amd64/jre/lib/amd64/server/libjvm.so
7fda8f039000-7fda8f0cf000 r--p 00d12000 08:11 11148062                   /usr/lib/jvm/java-8-openjdk-amd64/jre/lib/amd64/server/libjvm.so
7fda8f0cf000-7fda8f0f8000 rw-p 00da8000 08:11 11148062                   /usr/lib/jvm/java-8-openjdk-amd64/jre/lib/amd64/server/libjvm.so
7fda8f0f8000-7fda8f12d000 rw-p 00000000 00:00 0 
7fda8f12d000-7fda8f14f000 r--p 00000000 08:11 22806813                   /lib/x86_64-linux-gnu/libc-2.31.so
7fda8f14f000-7fda8f2c7000 r-xp 00022000 08:11 22806813                   /lib/x86_64-linux-gnu/libc-2.31.so
7fda8f2c7000-7fda8f315000 r--p 0019a000 08:11 22806813                   /lib/x86_64-linux-gnu/libc-2.31.so
7fda8f315000-7fda8f319000 r--p 001e7000 08:11 22806813                   /lib/x86_64-linux-gnu/libc-2.31.so
7fda8f319000-7fda8f31b000 rw-p 001eb000 08:11 22806813                   /lib/x86_64-linux-gnu/libc-2.31.so
7fda8f31b000-7fda8f31f000 rw-p 00000000 00:00 0 
7fda8f31f000-7fda8f320000 r--p 00000000 08:11 22806900                   /lib/x86_64-linux-gnu/libdl-2.31.so
7fda8f320000-7fda8f322000 r-xp 00001000 08:11 22806900                   /lib/x86_64-linux-gnu/libdl-2.31.so
7fda8f322000-7fda8f323000 r--p 00003000 08:11 22806900                   /lib/x86_64-linux-gnu/libdl-2.31.so
7fda8f323000-7fda8f324000 r--p 00003000 08:11 22806900                   /lib/x86_64-linux-gnu/libdl-2.31.so
7fda8f324000-7fda8f325000 rw-p 00004000 08:11 22806900                   /lib/x86_64-linux-gnu/libdl-2.31.so
7fda8f325000-7fda8f328000 r--p 00000000 08:11 11147619                   /usr/lib/jvm/java-8-openjdk-amd64/jre/lib/amd64/jli/libjli.so
7fda8f328000-7fda8f332000 r-xp 00003000 08:11 11147619                   /usr/lib/jvm/java-8-openjdk-amd64/jre/lib/amd64/jli/libjli.so
7fda8f332000-7fda8f335000 r--p 0000d000 08:11 11147619                   /usr/lib/jvm/java-8-openjdk-amd64/jre/lib/amd64/jli/libjli.so
7fda8f335000-7fda8f336000 r--p 0000f000 08:11 11147619                   /usr/lib/jvm/java-8-openjdk-amd64/jre/lib/amd64/jli/libjli.so
7fda8f336000-7fda8f337000 rw-p 00010000 08:11 11147619                   /usr/lib/jvm/java-8-openjdk-amd64/jre/lib/amd64/jli/libjli.so
7fda8f337000-7fda8f339000 r--p 00000000 08:11 22806740                   /lib/x86_64-linux-gnu/libz.so.1.2.11
7fda8f339000-7fda8f34a000 r-xp 00002000 08:11 22806740                   /lib/x86_64-linux-gnu/libz.so.1.2.11
7fda8f34a000-7fda8f350000 r--p 00013000 08:11 22806740                   /lib/x86_64-linux-gnu/libz.so.1.2.11
7fda8f350000-7fda8f351000 ---p 00019000 08:11 22806740                   /lib/x86_64-linux-gnu/libz.so.1.2.11
7fda8f351000-7fda8f352000 r--p 00019000 08:11 22806740                   /lib/x86_64-linux-gnu/libz.so.1.2.11
7fda8f352000-7fda8f353000 rw-p 0001a000 08:11 22806740                   /lib/x86_64-linux-gnu/libz.so.1.2.11
7fda8f353000-7fda8f359000 r--p 00000000 08:11 22807670                   /lib/x86_64-linux-gnu/libpthread-2.31.so
7fda8f359000-7fda8f36a000 r-xp 00006000 08:11 22807670                   /lib/x86_64-linux-gnu/libpthread-2.31.so
7fda8f36a000-7fda8f370000 r--p 00017000 08:11 22807670                   /lib/x86_64-linux-gnu/libpthread-2.31.so
7fda8f370000-7fda8f371000 r--p 0001c000 08:11 22807670                   /lib/x86_64-linux-gnu/libpthread-2.31.so
7fda8f371000-7fda8f372000 rw-p 0001d000 08:11 22807670                   /lib/x86_64-linux-gnu/libpthread-2.31.so
7fda8f372000-7fda8f376000 rw-p 00000000 00:00 0 
7fda8f376000-7fda8f37e000 rw-s 00000000 08:11 7343444                    /tmp/hsperfdata_apazokit/1050455
7fda8f37e000-7fda8f380000 r--p 00000000 08:11 22807332                   /lib/x86_64-linux-gnu/libnss_nis-2.31.so
7fda8f380000-7fda8f388000 r-xp 00002000 08:11 22807332                   /lib/x86_64-linux-gnu/libnss_nis-2.31.so
7fda8f388000-7fda8f38a000 r--p 0000a000 08:11 22807332                   /lib/x86_64-linux-gnu/libnss_nis-2.31.so
7fda8f38a000-7fda8f38b000 r--p 0000b000 08:11 22807332                   /lib/x86_64-linux-gnu/libnss_nis-2.31.so
7fda8f38b000-7fda8f38c000 rw-p 0000c000 08:11 22807332                   /lib/x86_64-linux-gnu/libnss_nis-2.31.so
7fda8f38c000-7fda8f38e000 r--p 00000000 08:11 22807108                   /lib/x86_64-linux-gnu/libnss_compat-2.31.so
7fda8f38e000-7fda8f395000 r-xp 00002000 08:11 22807108                   /lib/x86_64-linux-gnu/libnss_compat-2.31.so
7fda8f395000-7fda8f396000 r--p 00009000 08:11 22807108                   /lib/x86_64-linux-gnu/libnss_compat-2.31.so
7fda8f396000-7fda8f397000 r--p 00009000 08:11 22807108                   /lib/x86_64-linux-gnu/libnss_compat-2.31.so
7fda8f397000-7fda8f398000 rw-p 0000a000 08:11 22807108                   /lib/x86_64-linux-gnu/libnss_compat-2.31.so
7fda8f398000-7fda8f399000 rw-p 00000000 00:00 0 
7fda8f399000-7fda8f39e000 r--p 00000000 08:11 11148059                   /usr/lib/jvm/java-8-openjdk-amd64/jre/lib/amd64/libverify.so
7fda8f39e000-7fda8f3a7000 r-xp 00005000 08:11 11148059                   /usr/lib/jvm/java-8-openjdk-amd64/jre/lib/amd64/libverify.so
7fda8f3a7000-7fda8f3a9000 r--p 0000e000 08:11 11148059                   /usr/lib/jvm/java-8-openjdk-amd64/jre/lib/amd64/libverify.so
7fda8f3a9000-7fda8f3ab000 r--p 0000f000 08:11 11148059                   /usr/lib/jvm/java-8-openjdk-amd64/jre/lib/amd64/libverify.so
7fda8f3ab000-7fda8f3ac000 rw-p 00011000 08:11 11148059                   /usr/lib/jvm/java-8-openjdk-amd64/jre/lib/amd64/libverify.so
7fda8f3ac000-7fda8f3ae000 rw-p 00000000 00:00 0 
7fda8f3ae000-7fda8f3af000 r--p 00000000 08:11 22806705                   /lib/x86_64-linux-gnu/ld-2.31.so
7fda8f3af000-7fda8f3d2000 r-xp 00001000 08:11 22806705                   /lib/x86_64-linux-gnu/ld-2.31.so
7fda8f3d2000-7fda8f3da000 r--p 00024000 08:11 22806705                   /lib/x86_64-linux-gnu/ld-2.31.so
7fda8f3da000-7fda8f3db000 r--p 00000000 00:00 0 
7fda8f3db000-7fda8f3dc000 r--p 0002c000 08:11 22806705                   /lib/x86_64-linux-gnu/ld-2.31.so
7fda8f3dc000-7fda8f3dd000 rw-p 0002d000 08:11 22806705                   /lib/x86_64-linux-gnu/ld-2.31.so
7fda8f3dd000-7fda8f3de000 rw-p 00000000 00:00 0 
7ffd62374000-7ffd62395000 rw-p 00000000 00:00 0                          [stack]
7ffd623f2000-7ffd623f6000 r--p 00000000 00:00 0                          [vvar]
7ffd623f6000-7ffd623f8000 r-xp 00000000 00:00 0                          [vdso]
ffffffffff600000-ffffffffff601000 --xp 00000000 00:00 0                  [vsyscall]

VM Arguments:
jvm_args: -Xmx16m 
java_command: org.eclipse.jdt.internal.launching.support.LibraryDetector
java_class_path (initial): /home/apazokit/.vscode-server/data/User/globalStorage/redhat.java/1.32.0/config_linux/org.eclipse.osgi/54/0/.cp/lib/launchingsupport.jar
Launcher Type: SUN_STANDARD

Environment Variables:
PATH=/home/apazokit/.vscode-server/cli/servers/Stable-ea1445cc7016315d0f5728f8e8b12a45dc0a7286/server/bin/remote-cli:/usr/local/sbin:/usr/local/bin:/usr/sbin:/usr/bin:/sbin:/bin:/usr/games:/usr/local/games:/snap/bin
SHELL=/bin/tcsh
HOSTTYPE=x86_64-linux
OSTYPE=linux
MACHTYPE=x86_64

Signal Handlers:
SIGSEGV: [libjvm.so+0xb39280], sa_mask[0]=11111111011111111101111111111110, sa_flags=SA_RESTART|SA_SIGINFO
SIGBUS: [libjvm.so+0xb39280], sa_mask[0]=11111111011111111101111111111110, sa_flags=SA_RESTART|SA_SIGINFO
SIGFPE: [libjvm.so+0x97c8e0], sa_mask[0]=11111111011111111101111111111110, sa_flags=SA_RESTART|SA_SIGINFO
SIGPIPE: [libjvm.so+0x97c8e0], sa_mask[0]=11111111011111111101111111111110, sa_flags=SA_RESTART|SA_SIGINFO
SIGXFSZ: [libjvm.so+0x97c8e0], sa_mask[0]=11111111011111111101111111111110, sa_flags=SA_RESTART|SA_SIGINFO
SIGILL: [libjvm.so+0x97c8e0], sa_mask[0]=11111111011111111101111111111110, sa_flags=SA_RESTART|SA_SIGINFO
SIGUSR1: SIG_DFL, sa_mask[0]=00000000000000000000000000000000, sa_flags=none
SIGUSR2: [libjvm.so+0x97cc10], sa_mask[0]=00100000000000000000000000000000, sa_flags=SA_RESTART|SA_SIGINFO
SIGHUP: SIG_DFL, sa_mask[0]=00000000000000000000000000000000, sa_flags=none
SIGINT: SIG_DFL, sa_mask[0]=00000000000000000000000000000000, sa_flags=none
SIGTERM: SIG_DFL, sa_mask[0]=00000000000000000000000000000000, sa_flags=none
SIGQUIT: SIG_DFL, sa_mask[0]=00000000000000000000000000000000, sa_flags=none


---------------  S Y S T E M  ---------------

OS:DISTRIB_ID=Ubuntu
DISTRIB_RELEASE=20.04
DISTRIB_CODENAME=focal
DISTRIB_DESCRIPTION="Ubuntu 20.04.6 LTS"

uname:Linux 5.15.0-107-generic #117~20.04.1-Ubuntu SMP Tue Apr 30 10:35:57 UTC 2024 x86_64
libc:glibc 2.31 NPTL 2.31 
rlimit: STACK 8192k, CORE 0k, NPROC 300, NOFILE 1048576, AS infinity
load average:1.77 1.28 1.39

/proc/meminfo:
MemTotal:       97493356 kB
MemFree:        52762444 kB
MemAvailable:   90593612 kB
Buffers:         2579584 kB
Cached:         29898272 kB
SwapCached:        45896 kB
Active:         16275432 kB
Inactive:       19967172 kB
Active(anon):     139236 kB
Inactive(anon):  3684176 kB
Active(file):   16136196 kB
Inactive(file): 16282996 kB
Unevictable:           0 kB
Mlocked:               0 kB
SwapTotal:      123729916 kB
SwapFree:       123003132 kB
Dirty:              4404 kB
Writeback:           184 kB
AnonPages:       3733100 kB
Mapped:          1120632 kB
Shmem:             58900 kB
KReclaimable:    6393904 kB
Slab:            7090556 kB
SReclaimable:    6393904 kB
SUnreclaim:       696652 kB
KernelStack:       29680 kB
PageTables:        58452 kB
NFS_Unstable:          0 kB
Bounce:                0 kB
WritebackTmp:          0 kB
CommitLimit:    172476592 kB
Committed_AS:    8874704 kB
VmallocTotal:   34359738367 kB
VmallocUsed:      490196 kB
VmallocChunk:          0 kB
Percpu:            46208 kB
HardwareCorrupted:     0 kB
AnonHugePages:         0 kB
ShmemHugePages:        0 kB
ShmemPmdMapped:        0 kB
FileHugePages:         0 kB
FilePmdMapped:         0 kB
HugePages_Total:       0
HugePages_Free:        0
HugePages_Rsvd:        0
HugePages_Surp:        0
Hugepagesize:       2048 kB
Hugetlb:               0 kB
DirectMap4k:     2843264 kB
DirectMap2M:    60772352 kB
DirectMap1G:    37748736 kB

container (cgroup) information:
container_type: cgroupv1
cpu_cpuset_cpus: 0-27
cpu_memory_nodes: 0
active_processor_count: 28
cpu_quota: -1
cpu_period: 100000
cpu_shares: -1
memory_limit_in_bytes: -1
memory_and_swap_limit_in_bytes: -1
memory_soft_limit_in_bytes: -1
memory_usage_in_bytes: 25638211584
memory_max_usage_in_bytes: 96450609152


CPU:total 28 (initial active 28) (14 cores per cpu, 2 threads per core) family 6 model 85 stepping 4, cmov, cx8, fxsr, mmx, sse, sse2, sse3, ssse3, sse4.1, sse4.2, popcnt, avx, avx2, aes, clmul, erms, rtm, 3dnowpref, lzcnt, ht, tsc, tscinvbit, bmi1, bmi2, adx

/proc/cpuinfo:
processor	: 0
vendor_id	: GenuineIntel
cpu family	: 6
model		: 85
model name	: Intel(R) Xeon(R) Gold 5120 CPU @ 2.20GHz
stepping	: 4
microcode	: 0x2007006
cpu MHz		: 1000.000
cache size	: 19712 KB
physical id	: 0
siblings	: 28
core id		: 0
cpu cores	: 14
apicid		: 0
initial apicid	: 0
fpu		: yes
fpu_exception	: yes
cpuid level	: 22
wp		: yes
flags		: fpu vme de pse tsc msr pae mce cx8 apic sep mtrr pge mca cmov pat pse36 clflush dts acpi mmx fxsr sse sse2 ss ht tm pbe syscall nx pdpe1gb rdtscp lm constant_tsc art arch_perfmon pebs bts rep_good nopl xtopology nonstop_tsc cpuid aperfmperf pni pclmulqdq dtes64 monitor ds_cpl vmx smx est tm2 ssse3 sdbg fma cx16 xtpr pdcm pcid dca sse4_1 sse4_2 x2apic movbe popcnt tsc_deadline_timer aes xsave avx f16c rdrand lahf_lm abm 3dnowprefetch cpuid_fault epb cat_l3 cdp_l3 invpcid_single pti intel_ppin ssbd mba ibrs ibpb stibp tpr_shadow vnmi flexpriority ept vpid ept_ad fsgsbase tsc_adjust bmi1 hle avx2 smep bmi2 erms invpcid rtm cqm mpx rdt_a avx512f avx512dq rdseed adx smap clflushopt clwb intel_pt avx512cd avx512bw avx512vl xsaveopt xsavec xgetbv1 xsaves cqm_llc cqm_occup_llc cqm_mbm_total cqm_mbm_local dtherm ida arat pln pts pku ospke md_clear flush_l1d arch_capabilities
vmx flags	: vnmi preemption_timer posted_intr invvpid ept_x_only ept_ad ept_1gb flexpriority apicv tsc_offset vtpr mtf vapic ept vpid unrestricted_guest vapic_reg vid ple shadow_vmcs pml ept_mode_based_exec tsc_scaling
bugs		: cpu_meltdown spectre_v1 spectre_v2 spec_store_bypass l1tf mds swapgs taa itlb_multihit mmio_stale_data retbleed gds
bogomips	: 4400.00
clflush size	: 64
cache_alignment	: 64
address sizes	: 46 bits physical, 48 bits virtual
power management:

processor	: 1
vendor_id	: GenuineIntel
cpu family	: 6
model		: 85
model name	: Intel(R) Xeon(R) Gold 5120 CPU @ 2.20GHz
stepping	: 4
microcode	: 0x2007006
cpu MHz		: 2199.998
cache size	: 19712 KB
physical id	: 0
siblings	: 28
core id		: 1
cpu cores	: 14
apicid		: 2
initial apicid	: 2
fpu		: yes
fpu_exception	: yes
cpuid level	: 22
wp		: yes
flags		: fpu vme de pse tsc msr pae mce cx8 apic sep mtrr pge mca cmov pat pse36 clflush dts acpi mmx fxsr sse sse2 ss ht tm pbe syscall nx pdpe1gb rdtscp lm constant_tsc art arch_perfmon pebs bts rep_good nopl xtopology nonstop_tsc cpuid aperfmperf pni pclmulqdq dtes64 monitor ds_cpl vmx smx est tm2 ssse3 sdbg fma cx16 xtpr pdcm pcid dca sse4_1 sse4_2 x2apic movbe popcnt tsc_deadline_timer aes xsave avx f16c rdrand lahf_lm abm 3dnowprefetch cpuid_fault epb cat_l3 cdp_l3 invpcid_single pti intel_ppin ssbd mba ibrs ibpb stibp tpr_shadow vnmi flexpriority ept vpid ept_ad fsgsbase tsc_adjust bmi1 hle avx2 smep bmi2 erms invpcid rtm cqm mpx rdt_a avx512f avx512dq rdseed adx smap clflushopt clwb intel_pt avx512cd avx512bw avx512vl xsaveopt xsavec xgetbv1 xsaves cqm_llc cqm_occup_llc cqm_mbm_total cqm_mbm_local dtherm ida arat pln pts pku ospke md_clear flush_l1d arch_capabilities
vmx flags	: vnmi preemption_timer posted_intr invvpid ept_x_only ept_ad ept_1gb flexpriority apicv tsc_offset vtpr mtf vapic ept vpid unrestricted_guest vapic_reg vid ple shadow_vmcs pml ept_mode_based_exec tsc_scaling
bugs		: cpu_meltdown spectre_v1 spectre_v2 spec_store_bypass l1tf mds swapgs taa itlb_multihit mmio_stale_data retbleed gds
bogomips	: 4400.00
clflush size	: 64
cache_alignment	: 64
address sizes	: 46 bits physical, 48 bits virtual
power management:

processor	: 2
vendor_id	: GenuineIntel
cpu family	: 6
model		: 85
model name	: Intel(R) Xeon(R) Gold 5120 CPU @ 2.20GHz
stepping	: 4
microcode	: 0x2007006
cpu MHz		: 1706.149
cache size	: 19712 KB
physical id	: 0
siblings	: 28
core id		: 2
cpu cores	: 14
apicid		: 4
initial apicid	: 4
fpu		: yes
fpu_exception	: yes
cpuid level	: 22
wp		: yes
flags		: fpu vme de pse tsc msr pae mce cx8 apic sep mtrr pge mca cmov pat pse36 clflush dts acpi mmx fxsr sse sse2 ss ht tm pbe syscall nx pdpe1gb rdtscp lm constant_tsc art arch_perfmon pebs bts rep_good nopl xtopology nonstop_tsc cpuid aperfmperf pni pclmulqdq dtes64 monitor ds_cpl vmx smx est tm2 ssse3 sdbg fma cx16 xtpr pdcm pcid dca sse4_1 sse4_2 x2apic movbe popcnt tsc_deadline_timer aes xsave avx f16c rdrand lahf_lm abm 3dnowprefetch cpuid_fault epb cat_l3 cdp_l3 invpcid_single pti intel_ppin ssbd mba ibrs ibpb stibp tpr_shadow vnmi flexpriority ept vpid ept_ad fsgsbase tsc_adjust bmi1 hle avx2 smep bmi2 erms invpcid rtm cqm mpx rdt_a avx512f avx512dq rdseed adx smap clflushopt clwb intel_pt avx512cd avx512bw avx512vl xsaveopt xsavec xgetbv1 xsaves cqm_llc cqm_occup_llc cqm_mbm_total cqm_mbm_local dtherm ida arat pln pts pku ospke md_clear flush_l1d arch_capabilities
vmx flags	: vnmi preemption_timer posted_intr invvpid ept_x_only ept_ad ept_1gb flexpriority apicv tsc_offset vtpr mtf vapic ept vpid unrestricted_guest vapic_reg vid ple shadow_vmcs pml ept_mode_based_exec tsc_scaling
bugs		: cpu_meltdown spectre_v1 spectre_v2 spec_store_bypass l1tf mds swapgs taa itlb_multihit mmio_stale_data retbleed gds
bogomips	: 4400.00
clflush size	: 64
cache_alignment	: 64
address sizes	: 46 bits physical, 48 bits virtual
power management:

processor	: 3
vendor_id	: GenuineIntel
cpu family	: 6
model		: 85
model name	: Intel(R) Xeon(R) Gold 5120 CPU @ 2.20GHz
stepping	: 4
microcode	: 0x2007006
cpu MHz		: 1425.578
cache size	: 19712 KB
physical id	: 0
siblings	: 28
core id		: 3
cpu cores	: 14
apicid		: 6
initial apicid	: 6
fpu		: yes
fpu_exception	: yes
cpuid level	: 22
wp		: yes
flags		: fpu vme de pse tsc msr pae mce cx8 apic sep mtrr pge mca cmov pat pse36 clflush dts acpi mmx fxsr sse sse2 ss ht tm pbe syscall nx pdpe1gb rdtscp lm constant_tsc art arch_perfmon pebs bts rep_good nopl xtopology nonstop_tsc cpuid aperfmperf pni pclmulqdq dtes64 monitor ds_cpl vmx smx est tm2 ssse3 sdbg fma cx16 xtpr pdcm pcid dca sse4_1 sse4_2 x2apic movbe popcnt tsc_deadline_timer aes xsave avx f16c rdrand lahf_lm abm 3dnowprefetch cpuid_fault epb cat_l3 cdp_l3 invpcid_single pti intel_ppin ssbd mba ibrs ibpb stibp tpr_shadow vnmi flexpriority ept vpid ept_ad fsgsbase tsc_adjust bmi1 hle avx2 smep bmi2 erms invpcid rtm cqm mpx rdt_a avx512f avx512dq rdseed adx smap clflushopt clwb intel_pt avx512cd avx512bw avx512vl xsaveopt xsavec xgetbv1 xsaves cqm_llc cqm_occup_llc cqm_mbm_total cqm_mbm_local dtherm ida arat pln pts pku ospke md_clear flush_l1d arch_capabilities
vmx flags	: vnmi preemption_timer posted_intr invvpid ept_x_only ept_ad ept_1gb flexpriority apicv tsc_offset vtpr mtf vapic ept vpid unrestricted_guest vapic_reg vid ple shadow_vmcs pml ept_mode_based_exec tsc_scaling
bugs		: cpu_meltdown spectre_v1 spectre_v2 spec_store_bypass l1tf mds swapgs taa itlb_multihit mmio_stale_data retbleed gds
bogomips	: 4400.00
clflush size	: 64
cache_alignment	: 64
address sizes	: 46 bits physical, 48 bits virtual
power management:

processor	: 4
vendor_id	: GenuineIntel
cpu family	: 6
model		: 85
model name	: Intel(R) Xeon(R) Gold 5120 CPU @ 2.20GHz
stepping	: 4
microcode	: 0x2007006
cpu MHz		: 1000.000
cache size	: 19712 KB
physical id	: 0
siblings	: 28
core id		: 4
cpu cores	: 14
apicid		: 8
initial apicid	: 8
fpu		: yes
fpu_exception	: yes
cpuid level	: 22
wp		: yes
flags		: fpu vme de pse tsc msr pae mce cx8 apic sep mtrr pge mca cmov pat pse36 clflush dts acpi mmx fxsr sse sse2 ss ht tm pbe syscall nx pdpe1gb rdtscp lm constant_tsc art arch_perfmon pebs bts rep_good nopl xtopology nonstop_tsc cpuid aperfmperf pni pclmulqdq dtes64 monitor ds_cpl vmx smx est tm2 ssse3 sdbg fma cx16 xtpr pdcm pcid dca sse4_1 sse4_2 x2apic movbe popcnt tsc_deadline_timer aes xsave avx f16c rdrand lahf_lm abm 3dnowprefetch cpuid_fault epb cat_l3 cdp_l3 invpcid_single pti intel_ppin ssbd mba ibrs ibpb stibp tpr_shadow vnmi flexpriority ept vpid ept_ad fsgsbase tsc_adjust bmi1 hle avx2 smep bmi2 erms invpcid rtm cqm mpx rdt_a avx512f avx512dq rdseed adx smap clflushopt clwb intel_pt avx512cd avx512bw avx512vl xsaveopt xsavec xgetbv1 xsaves cqm_llc cqm_occup_llc cqm_mbm_total cqm_mbm_local dtherm ida arat pln pts pku ospke md_clear flush_l1d arch_capabilities
vmx flags	: vnmi preemption_timer posted_intr invvpid ept_x_only ept_ad ept_1gb flexpriority apicv tsc_offset vtpr mtf vapic ept vpid unrestricted_guest vapic_reg vid ple shadow_vmcs pml ept_mode_based_exec tsc_scaling
bugs		: cpu_meltdown spectre_v1 spectre_v2 spec_store_bypass l1tf mds swapgs taa itlb_multihit mmio_stale_data retbleed gds
bogomips	: 4400.00
clflush size	: 64
cache_alignment	: 64
address sizes	: 46 bits physical, 48 bits virtual
power management:

processor	: 5
vendor_id	: GenuineIntel
cpu family	: 6
model		: 85
model name	: Intel(R) Xeon(R) Gold 5120 CPU @ 2.20GHz
stepping	: 4
microcode	: 0x2007006
cpu MHz		: 1800.000
cache size	: 19712 KB
physical id	: 0
siblings	: 28
core id		: 5
cpu cores	: 14
apicid		: 10
initial apicid	: 10
fpu		: yes
fpu_exception	: yes
cpuid level	: 22
wp		: yes
flags		: fpu vme de pse tsc msr pae mce cx8 apic sep mtrr pge mca cmov pat pse36 clflush dts acpi mmx fxsr sse sse2 ss ht tm pbe syscall nx pdpe1gb rdtscp lm constant_tsc art arch_perfmon pebs bts rep_good nopl xtopology nonstop_tsc cpuid aperfmperf pni pclmulqdq dtes64 monitor ds_cpl vmx smx est tm2 ssse3 sdbg fma cx16 xtpr pdcm pcid dca sse4_1 sse4_2 x2apic movbe popcnt tsc_deadline_timer aes xsave avx f16c rdrand lahf_lm abm 3dnowprefetch cpuid_fault epb cat_l3 cdp_l3 invpcid_single pti intel_ppin ssbd mba ibrs ibpb stibp tpr_shadow vnmi flexpriority ept vpid ept_ad fsgsbase tsc_adjust bmi1 hle avx2 smep bmi2 erms invpcid rtm cqm mpx rdt_a avx512f avx512dq rdseed adx smap clflushopt clwb intel_pt avx512cd avx512bw avx512vl xsaveopt xsavec xgetbv1 xsaves cqm_llc cqm_occup_llc cqm_mbm_total cqm_mbm_local dtherm ida arat pln pts pku ospke md_clear flush_l1d arch_capabilities
vmx flags	: vnmi preemption_timer posted_intr invvpid ept_x_only ept_ad ept_1gb flexpriority apicv tsc_offset vtpr mtf vapic ept vpid unrestricted_guest vapic_reg vid ple shadow_vmcs pml ept_mode_based_exec tsc_scaling
bugs		: cpu_meltdown spectre_v1 spectre_v2 spec_store_bypass l1tf mds swapgs taa itlb_multihit mmio_stale_data retbleed gds
bogomips	: 4400.00
clflush size	: 64
cache_alignment	: 64
address sizes	: 46 bits physical, 48 bits virtual
power management:

processor	: 6
vendor_id	: GenuineIntel
cpu family	: 6
model		: 85
model name	: Intel(R) Xeon(R) Gold 5120 CPU @ 2.20GHz
stepping	: 4
microcode	: 0x2007006
cpu MHz		: 2517.010
cache size	: 19712 KB
physical id	: 0
siblings	: 28
core id		: 6
cpu cores	: 14
apicid		: 12
initial apicid	: 12
fpu		: yes
fpu_exception	: yes
cpuid level	: 22
wp		: yes
flags		: fpu vme de pse tsc msr pae mce cx8 apic sep mtrr pge mca cmov pat pse36 clflush dts acpi mmx fxsr sse sse2 ss ht tm pbe syscall nx pdpe1gb rdtscp lm constant_tsc art arch_perfmon pebs bts rep_good nopl xtopology nonstop_tsc cpuid aperfmperf pni pclmulqdq dtes64 monitor ds_cpl vmx smx est tm2 ssse3 sdbg fma cx16 xtpr pdcm pcid dca sse4_1 sse4_2 x2apic movbe popcnt tsc_deadline_timer aes xsave avx f16c rdrand lahf_lm abm 3dnowprefetch cpuid_fault epb cat_l3 cdp_l3 invpcid_single pti intel_ppin ssbd mba ibrs ibpb stibp tpr_shadow vnmi flexpriority ept vpid ept_ad fsgsbase tsc_adjust bmi1 hle avx2 smep bmi2 erms invpcid rtm cqm mpx rdt_a avx512f avx512dq rdseed adx smap clflushopt clwb intel_pt avx512cd avx512bw avx512vl xsaveopt xsavec xgetbv1 xsaves cqm_llc cqm_occup_llc cqm_mbm_total cqm_mbm_local dtherm ida arat pln pts pku ospke md_clear flush_l1d arch_capabilities
vmx flags	: vnmi preemption_timer posted_intr invvpid ept_x_only ept_ad ept_1gb flexpriority apicv tsc_offset vtpr mtf vapic ept vpid unrestricted_guest vapic_reg vid ple shadow_vmcs pml ept_mode_based_exec tsc_scaling
bugs		: cpu_meltdown spectre_v1 spectre_v2 spec_store_bypass l1tf mds swapgs taa itlb_multihit mmio_stale_data retbleed gds
bogomips	: 4400.00
clflush size	: 64
cache_alignment	: 64
address sizes	: 46 bits physical, 48 bits virtual
power management:

processor	: 7
vendor_id	: GenuineIntel
cpu family	: 6
model		: 85
model name	: Intel(R) Xeon(R) Gold 5120 CPU @ 2.20GHz
stepping	: 4
microcode	: 0x2007006
cpu MHz		: 2800.000
cache size	: 19712 KB
physical id	: 0
siblings	: 28
core id		: 8
cpu cores	: 14
apicid		: 16
initial apicid	: 16
fpu		: yes
fpu_exception	: yes
cpuid level	: 22
wp		: yes
flags		: fpu vme de pse tsc msr pae mce cx8 apic sep mtrr pge mca cmov pat pse36 clflush dts acpi mmx fxsr sse sse2 ss ht tm pbe syscall nx pdpe1gb rdtscp lm constant_tsc art arch_perfmon pebs bts rep_good nopl xtopology nonstop_tsc cpuid aperfmperf pni pclmulqdq dtes64 monitor ds_cpl vmx smx est tm2 ssse3 sdbg fma cx16 xtpr pdcm pcid dca sse4_1 sse4_2 x2apic movbe popcnt tsc_deadline_timer aes xsave avx f16c rdrand lahf_lm abm 3dnowprefetch cpuid_fault epb cat_l3 cdp_l3 invpcid_single pti intel_ppin ssbd mba ibrs ibpb stibp tpr_shadow vnmi flexpriority ept vpid ept_ad fsgsbase tsc_adjust bmi1 hle avx2 smep bmi2 erms invpcid rtm cqm mpx rdt_a avx512f avx512dq rdseed adx smap clflushopt clwb intel_pt avx512cd avx512bw avx512vl xsaveopt xsavec xgetbv1 xsaves cqm_llc cqm_occup_llc cqm_mbm_total cqm_mbm_local dtherm ida arat pln pts pku ospke md_clear flush_l1d arch_capabilities
vmx flags	: vnmi preemption_timer posted_intr invvpid ept_x_only ept_ad ept_1gb flexpriority apicv tsc_offset vtpr mtf vapic ept vpid unrestricted_guest vapic_reg vid ple shadow_vmcs pml ept_mode_based_exec tsc_scaling
bugs		: cpu_meltdown spectre_v1 spectre_v2 spec_store_bypass l1tf mds swapgs taa itlb_multihit mmio_stale_data retbleed gds
bogomips	: 4400.00
clflush size	: 64
cache_alignment	: 64
address sizes	: 46 bits physical, 48 bits virtual
power management:

processor	: 8
vendor_id	: GenuineIntel
cpu family	: 6
model		: 85
model name	: Intel(R) Xeon(R) Gold 5120 CPU @ 2.20GHz
stepping	: 4
microcode	: 0x2007006
cpu MHz		: 2686.951
cache size	: 19712 KB
physical id	: 0
siblings	: 28
core id		: 9
cpu cores	: 14
apicid		: 18
initial apicid	: 18
fpu		: yes
fpu_exception	: yes
cpuid level	: 22
wp		: yes
flags		: fpu vme de pse tsc msr pae mce cx8 apic sep mtrr pge mca cmov pat pse36 clflush dts acpi mmx fxsr sse sse2 ss ht tm pbe syscall nx pdpe1gb rdtscp lm constant_tsc art arch_perfmon pebs bts rep_good nopl xtopology nonstop_tsc cpuid aperfmperf pni pclmulqdq dtes64 monitor ds_cpl vmx smx est tm2 ssse3 sdbg fma cx16 xtpr pdcm pcid dca sse4_1 sse4_2 x2apic movbe popcnt tsc_deadline_timer aes xsave avx f16c rdrand lahf_lm abm 3dnowprefetch cpuid_fault epb cat_l3 cdp_l3 invpcid_single pti intel_ppin ssbd mba ibrs ibpb stibp tpr_shadow vnmi flexpriority ept vpid ept_ad fsgsbase tsc_adjust bmi1 hle avx2 smep bmi2 erms invpcid rtm cqm mpx rdt_a avx512f avx512dq rdseed adx smap clflushopt clwb intel_pt avx512cd avx512bw avx512vl xsaveopt xsavec xgetbv1 xsaves cqm_llc cqm_occup_llc cqm_mbm_total cqm_mbm_local dtherm ida arat pln pts pku ospke md_clear flush_l1d arch_capabilities
vmx flags	: vnmi preemption_timer posted_intr invvpid ept_x_only ept_ad ept_1gb flexpriority apicv tsc_offset vtpr mtf vapic ept vpid unrestricted_guest vapic_reg vid ple shadow_vmcs pml ept_mode_based_exec tsc_scaling
bugs		: cpu_meltdown spectre_v1 spectre_v2 spec_store_bypass l1tf mds swapgs taa itlb_multihit mmio_stale_data retbleed gds
bogomips	: 4400.00
clflush size	: 64
cache_alignment	: 64
address sizes	: 46 bits physical, 48 bits virtual
power management:

processor	: 9
vendor_id	: GenuineIntel
cpu family	: 6
model		: 85
model name	: Intel(R) Xeon(R) Gold 5120 CPU @ 2.20GHz
stepping	: 4
microcode	: 0x2007006
cpu MHz		: 1943.446
cache size	: 19712 KB
physical id	: 0
siblings	: 28
core id		: 10
cpu cores	: 14
apicid		: 20
initial apicid	: 20
fpu		: yes
fpu_exception	: yes
cpuid level	: 22
wp		: yes
flags		: fpu vme de pse tsc msr pae mce cx8 apic sep mtrr pge mca cmov pat pse36 clflush dts acpi mmx fxsr sse sse2 ss ht tm pbe syscall nx pdpe1gb rdtscp lm constant_tsc art arch_perfmon pebs bts rep_good nopl xtopology nonstop_tsc cpuid aperfmperf pni pclmulqdq dtes64 monitor ds_cpl vmx smx est tm2 ssse3 sdbg fma cx16 xtpr pdcm pcid dca sse4_1 sse4_2 x2apic movbe popcnt tsc_deadline_timer aes xsave avx f16c rdrand lahf_lm abm 3dnowprefetch cpuid_fault epb cat_l3 cdp_l3 invpcid_single pti intel_ppin ssbd mba ibrs ibpb stibp tpr_shadow vnmi flexpriority ept vpid ept_ad fsgsbase tsc_adjust bmi1 hle avx2 smep bmi2 erms invpcid rtm cqm mpx rdt_a avx512f avx512dq rdseed adx smap clflushopt clwb intel_pt avx512cd avx512bw avx512vl xsaveopt xsavec xgetbv1 xsaves cqm_llc cqm_occup_llc cqm_mbm_total cqm_mbm_local dtherm ida arat pln pts pku ospke md_clear flush_l1d arch_capabilities
vmx flags	: vnmi preemption_timer posted_intr invvpid ept_x_only ept_ad ept_1gb flexpriority apicv tsc_offset vtpr mtf vapic ept vpid unrestricted_guest vapic_reg vid ple shadow_vmcs pml ept_mode_based_exec tsc_scaling
bugs		: cpu_meltdown spectre_v1 spectre_v2 spec_store_bypass l1tf mds swapgs taa itlb_multihit mmio_stale_data retbleed gds
bogomips	: 4400.00
clflush size	: 64
cache_alignment	: 64
address sizes	: 46 bits physical, 48 bits virtual
power management:

processor	: 10
vendor_id	: GenuineIntel
cpu family	: 6
model		: 85
model name	: Intel(R) Xeon(R) Gold 5120 CPU @ 2.20GHz
stepping	: 4
microcode	: 0x2007006
cpu MHz		: 1135.937
cache size	: 19712 KB
physical id	: 0
siblings	: 28
core id		: 11
cpu cores	: 14
apicid		: 22
initial apicid	: 22
fpu		: yes
fpu_exception	: yes
cpuid level	: 22
wp		: yes
flags		: fpu vme de pse tsc msr pae mce cx8 apic sep mtrr pge mca cmov pat pse36 clflush dts acpi mmx fxsr sse sse2 ss ht tm pbe syscall nx pdpe1gb rdtscp lm constant_tsc art arch_perfmon pebs bts rep_good nopl xtopology nonstop_tsc cpuid aperfmperf pni pclmulqdq dtes64 monitor ds_cpl vmx smx est tm2 ssse3 sdbg fma cx16 xtpr pdcm pcid dca sse4_1 sse4_2 x2apic movbe popcnt tsc_deadline_timer aes xsave avx f16c rdrand lahf_lm abm 3dnowprefetch cpuid_fault epb cat_l3 cdp_l3 invpcid_single pti intel_ppin ssbd mba ibrs ibpb stibp tpr_shadow vnmi flexpriority ept vpid ept_ad fsgsbase tsc_adjust bmi1 hle avx2 smep bmi2 erms invpcid rtm cqm mpx rdt_a avx512f avx512dq rdseed adx smap clflushopt clwb intel_pt avx512cd avx512bw avx512vl xsaveopt xsavec xgetbv1 xsaves cqm_llc cqm_occup_llc cqm_mbm_total cqm_mbm_local dtherm ida arat pln pts pku ospke md_clear flush_l1d arch_capabilities
vmx flags	: vnmi preemption_timer posted_intr invvpid ept_x_only ept_ad ept_1gb flexpriority apicv tsc_offset vtpr mtf vapic ept vpid unrestricted_guest vapic_reg vid ple shadow_vmcs pml ept_mode_based_exec tsc_scaling
bugs		: cpu_meltdown spectre_v1 spectre_v2 spec_store_bypass l1tf mds swapgs taa itlb_multihit mmio_stale_data retbleed gds
bogomips	: 4400.00
clflush size	: 64
cache_alignment	: 64
address sizes	: 46 bits physical, 48 bits virtual
power management:

processor	: 11
vendor_id	: GenuineIntel
cpu family	: 6
model		: 85
model name	: Intel(R) Xeon(R) Gold 5120 CPU @ 2.20GHz
stepping	: 4
microcode	: 0x2007006
cpu MHz		: 2022.984
cache size	: 19712 KB
physical id	: 0
siblings	: 28
core id		: 12
cpu cores	: 14
apicid		: 24
initial apicid	: 24
fpu		: yes
fpu_exception	: yes
cpuid level	: 22
wp		: yes
flags		: fpu vme de pse tsc msr pae mce cx8 apic sep mtrr pge mca cmov pat pse36 clflush dts acpi mmx fxsr sse sse2 ss ht tm pbe syscall nx pdpe1gb rdtscp lm constant_tsc art arch_perfmon pebs bts rep_good nopl xtopology nonstop_tsc cpuid aperfmperf pni pclmulqdq dtes64 monitor ds_cpl vmx smx est tm2 ssse3 sdbg fma cx16 xtpr pdcm pcid dca sse4_1 sse4_2 x2apic movbe popcnt tsc_deadline_timer aes xsave avx f16c rdrand lahf_lm abm 3dnowprefetch cpuid_fault epb cat_l3 cdp_l3 invpcid_single pti intel_ppin ssbd mba ibrs ibpb stibp tpr_shadow vnmi flexpriority ept vpid ept_ad fsgsbase tsc_adjust bmi1 hle avx2 smep bmi2 erms invpcid rtm cqm mpx rdt_a avx512f avx512dq rdseed adx smap clflushopt clwb intel_pt avx512cd avx512bw avx512vl xsaveopt xsavec xgetbv1 xsaves cqm_llc cqm_occup_llc cqm_mbm_total cqm_mbm_local dtherm ida arat pln pts pku ospke md_clear flush_l1d arch_capabilities
vmx flags	: vnmi preemption_timer posted_intr invvpid ept_x_only ept_ad ept_1gb flexpriority apicv tsc_offset vtpr mtf vapic ept vpid unrestricted_guest vapic_reg vid ple shadow_vmcs pml ept_mode_based_exec tsc_scaling
bugs		: cpu_meltdown spectre_v1 spectre_v2 spec_store_bypass l1tf mds swapgs taa itlb_multihit mmio_stale_data retbleed gds
bogomips	: 4400.00
clflush size	: 64
cache_alignment	: 64
address sizes	: 46 bits physical, 48 bits virtual
power management:

processor	: 12
vendor_id	: GenuineIntel
cpu family	: 6
model		: 85
model name	: Intel(R) Xeon(R) Gold 5120 CPU @ 2.20GHz
stepping	: 4
microcode	: 0x2007006
cpu MHz		: 1000.000
cache size	: 19712 KB
physical id	: 0
siblings	: 28
core id		: 13
cpu cores	: 14
apicid		: 26
initial apicid	: 26
fpu		: yes
fpu_exception	: yes
cpuid level	: 22
wp		: yes
flags		: fpu vme de pse tsc msr pae mce cx8 apic sep mtrr pge mca cmov pat pse36 clflush dts acpi mmx fxsr sse sse2 ss ht tm pbe syscall nx pdpe1gb rdtscp lm constant_tsc art arch_perfmon pebs bts rep_good nopl xtopology nonstop_tsc cpuid aperfmperf pni pclmulqdq dtes64 monitor ds_cpl vmx smx est tm2 ssse3 sdbg fma cx16 xtpr pdcm pcid dca sse4_1 sse4_2 x2apic movbe popcnt tsc_deadline_timer aes xsave avx f16c rdrand lahf_lm abm 3dnowprefetch cpuid_fault epb cat_l3 cdp_l3 invpcid_single pti intel_ppin ssbd mba ibrs ibpb stibp tpr_shadow vnmi flexpriority ept vpid ept_ad fsgsbase tsc_adjust bmi1 hle avx2 smep bmi2 erms invpcid rtm cqm mpx rdt_a avx512f avx512dq rdseed adx smap clflushopt clwb intel_pt avx512cd avx512bw avx512vl xsaveopt xsavec xgetbv1 xsaves cqm_llc cqm_occup_llc cqm_mbm_total cqm_mbm_local dtherm ida arat pln pts pku ospke md_clear flush_l1d arch_capabilities
vmx flags	: vnmi preemption_timer posted_intr invvpid ept_x_only ept_ad ept_1gb flexpriority apicv tsc_offset vtpr mtf vapic ept vpid unrestricted_guest vapic_reg vid ple shadow_vmcs pml ept_mode_based_exec tsc_scaling
bugs		: cpu_meltdown spectre_v1 spectre_v2 spec_store_bypass l1tf mds swapgs taa itlb_multihit mmio_stale_data retbleed gds
bogomips	: 4400.00
clflush size	: 64
cache_alignment	: 64
address sizes	: 46 bits physical, 48 bits virtual
power management:

processor	: 13
vendor_id	: GenuineIntel
cpu family	: 6
model		: 85
model name	: Intel(R) Xeon(R) Gold 5120 CPU @ 2.20GHz
stepping	: 4
microcode	: 0x2007006
cpu MHz		: 2005.103
cache size	: 19712 KB
physical id	: 0
siblings	: 28
core id		: 14
cpu cores	: 14
apicid		: 28
initial apicid	: 28
fpu		: yes
fpu_exception	: yes
cpuid level	: 22
wp		: yes
flags		: fpu vme de pse tsc msr pae mce cx8 apic sep mtrr pge mca cmov pat pse36 clflush dts acpi mmx fxsr sse sse2 ss ht tm pbe syscall nx pdpe1gb rdtscp lm constant_tsc art arch_perfmon pebs bts rep_good nopl xtopology nonstop_tsc cpuid aperfmperf pni pclmulqdq dtes64 monitor ds_cpl vmx smx est tm2 ssse3 sdbg fma cx16 xtpr pdcm pcid dca sse4_1 sse4_2 x2apic movbe popcnt tsc_deadline_timer aes xsave avx f16c rdrand lahf_lm abm 3dnowprefetch cpuid_fault epb cat_l3 cdp_l3 invpcid_single pti intel_ppin ssbd mba ibrs ibpb stibp tpr_shadow vnmi flexpriority ept vpid ept_ad fsgsbase tsc_adjust bmi1 hle avx2 smep bmi2 erms invpcid rtm cqm mpx rdt_a avx512f avx512dq rdseed adx smap clflushopt clwb intel_pt avx512cd avx512bw avx512vl xsaveopt xsavec xgetbv1 xsaves cqm_llc cqm_occup_llc cqm_mbm_total cqm_mbm_local dtherm ida arat pln pts pku ospke md_clear flush_l1d arch_capabilities
vmx flags	: vnmi preemption_timer posted_intr invvpid ept_x_only ept_ad ept_1gb flexpriority apicv tsc_offset vtpr mtf vapic ept vpid unrestricted_guest vapic_reg vid ple shadow_vmcs pml ept_mode_based_exec tsc_scaling
bugs		: cpu_meltdown spectre_v1 spectre_v2 spec_store_bypass l1tf mds swapgs taa itlb_multihit mmio_stale_data retbleed gds
bogomips	: 4400.00
clflush size	: 64
cache_alignment	: 64
address sizes	: 46 bits physical, 48 bits virtual
power management:

processor	: 14
vendor_id	: GenuineIntel
cpu family	: 6
model		: 85
model name	: Intel(R) Xeon(R) Gold 5120 CPU @ 2.20GHz
stepping	: 4
microcode	: 0x2007006
cpu MHz		: 2072.026
cache size	: 19712 KB
physical id	: 0
siblings	: 28
core id		: 0
cpu cores	: 14
apicid		: 1
initial apicid	: 1
fpu		: yes
fpu_exception	: yes
cpuid level	: 22
wp		: yes
flags		: fpu vme de pse tsc msr pae mce cx8 apic sep mtrr pge mca cmov pat pse36 clflush dts acpi mmx fxsr sse sse2 ss ht tm pbe syscall nx pdpe1gb rdtscp lm constant_tsc art arch_perfmon pebs bts rep_good nopl xtopology nonstop_tsc cpuid aperfmperf pni pclmulqdq dtes64 monitor ds_cpl vmx smx est tm2 ssse3 sdbg fma cx16 xtpr pdcm pcid dca sse4_1 sse4_2 x2apic movbe popcnt tsc_deadline_timer aes xsave avx f16c rdrand lahf_lm abm 3dnowprefetch cpuid_fault epb cat_l3 cdp_l3 invpcid_single pti intel_ppin ssbd mba ibrs ibpb stibp tpr_shadow vnmi flexpriority ept vpid ept_ad fsgsbase tsc_adjust bmi1 hle avx2 smep bmi2 erms invpcid rtm cqm mpx rdt_a avx512f avx512dq rdseed adx smap clflushopt clwb intel_pt avx512cd avx512bw avx512vl xsaveopt xsavec xgetbv1 xsaves cqm_llc cqm_occup_llc cqm_mbm_total cqm_mbm_local dtherm ida arat pln pts pku ospke md_clear flush_l1d arch_capabilities
vmx flags	: vnmi preemption_timer posted_intr invvpid ept_x_only ept_ad ept_1gb flexpriority apicv tsc_offset vtpr mtf vapic ept vpid unrestricted_guest vapic_reg vid ple shadow_vmcs pml ept_mode_based_exec tsc_scaling
bugs		: cpu_meltdown spectre_v1 spectre_v2 spec_store_bypass l1tf mds swapgs taa itlb_multihit mmio_stale_data retbleed gds
bogomips	: 4400.00
clflush size	: 64
cache_alignment	: 64
address sizes	: 46 bits physical, 48 bits virtual
power management:

processor	: 15
vendor_id	: GenuineIntel
cpu family	: 6
model		: 85
model name	: Intel(R) Xeon(R) Gold 5120 CPU @ 2.20GHz
stepping	: 4
microcode	: 0x2007006
cpu MHz		: 3200.000
cache size	: 19712 KB
physical id	: 0
siblings	: 28
core id		: 1
cpu cores	: 14
apicid		: 3
initial apicid	: 3
fpu		: yes
fpu_exception	: yes
cpuid level	: 22
wp		: yes
flags		: fpu vme de pse tsc msr pae mce cx8 apic sep mtrr pge mca cmov pat pse36 clflush dts acpi mmx fxsr sse sse2 ss ht tm pbe syscall nx pdpe1gb rdtscp lm constant_tsc art arch_perfmon pebs bts rep_good nopl xtopology nonstop_tsc cpuid aperfmperf pni pclmulqdq dtes64 monitor ds_cpl vmx smx est tm2 ssse3 sdbg fma cx16 xtpr pdcm pcid dca sse4_1 sse4_2 x2apic movbe popcnt tsc_deadline_timer aes xsave avx f16c rdrand lahf_lm abm 3dnowprefetch cpuid_fault epb cat_l3 cdp_l3 invpcid_single pti intel_ppin ssbd mba ibrs ibpb stibp tpr_shadow vnmi flexpriority ept vpid ept_ad fsgsbase tsc_adjust bmi1 hle avx2 smep bmi2 erms invpcid rtm cqm mpx rdt_a avx512f avx512dq rdseed adx smap clflushopt clwb intel_pt avx512cd avx512bw avx512vl xsaveopt xsavec xgetbv1 xsaves cqm_llc cqm_occup_llc cqm_mbm_total cqm_mbm_local dtherm ida arat pln pts pku ospke md_clear flush_l1d arch_capabilities
vmx flags	: vnmi preemption_timer posted_intr invvpid ept_x_only ept_ad ept_1gb flexpriority apicv tsc_offset vtpr mtf vapic ept vpid unrestricted_guest vapic_reg vid ple shadow_vmcs pml ept_mode_based_exec tsc_scaling
bugs		: cpu_meltdown spectre_v1 spectre_v2 spec_store_bypass l1tf mds swapgs taa itlb_multihit mmio_stale_data retbleed gds
bogomips	: 4400.00
clflush size	: 64
cache_alignment	: 64
address sizes	: 46 bits physical, 48 bits virtual
power management:

processor	: 16
vendor_id	: GenuineIntel
cpu family	: 6
model		: 85
model name	: Intel(R) Xeon(R) Gold 5120 CPU @ 2.20GHz
stepping	: 4
microcode	: 0x2007006
cpu MHz		: 2400.000
cache size	: 19712 KB
physical id	: 0
siblings	: 28
core id		: 2
cpu cores	: 14
apicid		: 5
initial apicid	: 5
fpu		: yes
fpu_exception	: yes
cpuid level	: 22
wp		: yes
flags		: fpu vme de pse tsc msr pae mce cx8 apic sep mtrr pge mca cmov pat pse36 clflush dts acpi mmx fxsr sse sse2 ss ht tm pbe syscall nx pdpe1gb rdtscp lm constant_tsc art arch_perfmon pebs bts rep_good nopl xtopology nonstop_tsc cpuid aperfmperf pni pclmulqdq dtes64 monitor ds_cpl vmx smx est tm2 ssse3 sdbg fma cx16 xtpr pdcm pcid dca sse4_1 sse4_2 x2apic movbe popcnt tsc_deadline_timer aes xsave avx f16c rdrand lahf_lm abm 3dnowprefetch cpuid_fault epb cat_l3 cdp_l3 invpcid_single pti intel_ppin ssbd mba ibrs ibpb stibp tpr_shadow vnmi flexpriority ept vpid ept_ad fsgsbase tsc_adjust bmi1 hle avx2 smep bmi2 erms invpcid rtm cqm mpx rdt_a avx512f avx512dq rdseed adx smap clflushopt clwb intel_pt avx512cd avx512bw avx512vl xsaveopt xsavec xgetbv1 xsaves cqm_llc cqm_occup_llc cqm_mbm_total cqm_mbm_local dtherm ida arat pln pts pku ospke md_clear flush_l1d arch_capabilities
vmx flags	: vnmi preemption_timer posted_intr invvpid ept_x_only ept_ad ept_1gb flexpriority apicv tsc_offset vtpr mtf vapic ept vpid unrestricted_guest vapic_reg vid ple shadow_vmcs pml ept_mode_based_exec tsc_scaling
bugs		: cpu_meltdown spectre_v1 spectre_v2 spec_store_bypass l1tf mds swapgs taa itlb_multihit mmio_stale_data retbleed gds
bogomips	: 4400.00
clflush size	: 64
cache_alignment	: 64
address sizes	: 46 bits physical, 48 bits virtual
power management:

processor	: 17
vendor_id	: GenuineIntel
cpu family	: 6
model		: 85
model name	: Intel(R) Xeon(R) Gold 5120 CPU @ 2.20GHz
stepping	: 4
microcode	: 0x2007006
cpu MHz		: 1000.000
cache size	: 19712 KB
physical id	: 0
siblings	: 28
core id		: 3
cpu cores	: 14
apicid		: 7
initial apicid	: 7
fpu		: yes
fpu_exception	: yes
cpuid level	: 22
wp		: yes
flags		: fpu vme de pse tsc msr pae mce cx8 apic sep mtrr pge mca cmov pat pse36 clflush dts acpi mmx fxsr sse sse2 ss ht tm pbe syscall nx pdpe1gb rdtscp lm constant_tsc art arch_perfmon pebs bts rep_good nopl xtopology nonstop_tsc cpuid aperfmperf pni pclmulqdq dtes64 monitor ds_cpl vmx smx est tm2 ssse3 sdbg fma cx16 xtpr pdcm pcid dca sse4_1 sse4_2 x2apic movbe popcnt tsc_deadline_timer aes xsave avx f16c rdrand lahf_lm abm 3dnowprefetch cpuid_fault epb cat_l3 cdp_l3 invpcid_single pti intel_ppin ssbd mba ibrs ibpb stibp tpr_shadow vnmi flexpriority ept vpid ept_ad fsgsbase tsc_adjust bmi1 hle avx2 smep bmi2 erms invpcid rtm cqm mpx rdt_a avx512f avx512dq rdseed adx smap clflushopt clwb intel_pt avx512cd avx512bw avx512vl xsaveopt xsavec xgetbv1 xsaves cqm_llc cqm_occup_llc cqm_mbm_total cqm_mbm_local dtherm ida arat pln pts pku ospke md_clear flush_l1d arch_capabilities
vmx flags	: vnmi preemption_timer posted_intr invvpid ept_x_only ept_ad ept_1gb flexpriority apicv tsc_offset vtpr mtf vapic ept vpid unrestricted_guest vapic_reg vid ple shadow_vmcs pml ept_mode_based_exec tsc_scaling
bugs		: cpu_meltdown spectre_v1 spectre_v2 spec_store_bypass l1tf mds swapgs taa itlb_multihit mmio_stale_data retbleed gds
bogomips	: 4400.00
clflush size	: 64
cache_alignment	: 64
address sizes	: 46 bits physical, 48 bits virtual
power management:

processor	: 18
vendor_id	: GenuineIntel
cpu family	: 6
model		: 85
model name	: Intel(R) Xeon(R) Gold 5120 CPU @ 2.20GHz
stepping	: 4
microcode	: 0x2007006
cpu MHz		: 2179.498
cache size	: 19712 KB
physical id	: 0
siblings	: 28
core id		: 4
cpu cores	: 14
apicid		: 9
initial apicid	: 9
fpu		: yes
fpu_exception	: yes
cpuid level	: 22
wp		: yes
flags		: fpu vme de pse tsc msr pae mce cx8 apic sep mtrr pge mca cmov pat pse36 clflush dts acpi mmx fxsr sse sse2 ss ht tm pbe syscall nx pdpe1gb rdtscp lm constant_tsc art arch_perfmon pebs bts rep_good nopl xtopology nonstop_tsc cpuid aperfmperf pni pclmulqdq dtes64 monitor ds_cpl vmx smx est tm2 ssse3 sdbg fma cx16 xtpr pdcm pcid dca sse4_1 sse4_2 x2apic movbe popcnt tsc_deadline_timer aes xsave avx f16c rdrand lahf_lm abm 3dnowprefetch cpuid_fault epb cat_l3 cdp_l3 invpcid_single pti intel_ppin ssbd mba ibrs ibpb stibp tpr_shadow vnmi flexpriority ept vpid ept_ad fsgsbase tsc_adjust bmi1 hle avx2 smep bmi2 erms invpcid rtm cqm mpx rdt_a avx512f avx512dq rdseed adx smap clflushopt clwb intel_pt avx512cd avx512bw avx512vl xsaveopt xsavec xgetbv1 xsaves cqm_llc cqm_occup_llc cqm_mbm_total cqm_mbm_local dtherm ida arat pln pts pku ospke md_clear flush_l1d arch_capabilities
vmx flags	: vnmi preemption_timer posted_intr invvpid ept_x_only ept_ad ept_1gb flexpriority apicv tsc_offset vtpr mtf vapic ept vpid unrestricted_guest vapic_reg vid ple shadow_vmcs pml ept_mode_based_exec tsc_scaling
bugs		: cpu_meltdown spectre_v1 spectre_v2 spec_store_bypass l1tf mds swapgs taa itlb_multihit mmio_stale_data retbleed gds
bogomips	: 4400.00
clflush size	: 64
cache_alignment	: 64
address sizes	: 46 bits physical, 48 bits virtual
power management:

processor	: 19
vendor_id	: GenuineIntel
cpu family	: 6
model		: 85
model name	: Intel(R) Xeon(R) Gold 5120 CPU @ 2.20GHz
stepping	: 4
microcode	: 0x2007006
cpu MHz		: 1000.000
cache size	: 19712 KB
physical id	: 0
siblings	: 28
core id		: 5
cpu cores	: 14
apicid		: 11
initial apicid	: 11
fpu		: yes
fpu_exception	: yes
cpuid level	: 22
wp		: yes
flags		: fpu vme de pse tsc msr pae mce cx8 apic sep mtrr pge mca cmov pat pse36 clflush dts acpi mmx fxsr sse sse2 ss ht tm pbe syscall nx pdpe1gb rdtscp lm constant_tsc art arch_perfmon pebs bts rep_good nopl xtopology nonstop_tsc cpuid aperfmperf pni pclmulqdq dtes64 monitor ds_cpl vmx smx est tm2 ssse3 sdbg fma cx16 xtpr pdcm pcid dca sse4_1 sse4_2 x2apic movbe popcnt tsc_deadline_timer aes xsave avx f16c rdrand lahf_lm abm 3dnowprefetch cpuid_fault epb cat_l3 cdp_l3 invpcid_single pti intel_ppin ssbd mba ibrs ibpb stibp tpr_shadow vnmi flexpriority ept vpid ept_ad fsgsbase tsc_adjust bmi1 hle avx2 smep bmi2 erms invpcid rtm cqm mpx rdt_a avx512f avx512dq rdseed adx smap clflushopt clwb intel_pt avx512cd avx512bw avx512vl xsaveopt xsavec xgetbv1 xsaves cqm_llc cqm_occup_llc cqm_mbm_total cqm_mbm_local dtherm ida arat pln pts pku ospke md_clear flush_l1d arch_capabilities
vmx flags	: vnmi preemption_timer posted_intr invvpid ept_x_only ept_ad ept_1gb flexpriority apicv tsc_offset vtpr mtf vapic ept vpid unrestricted_guest vapic_reg vid ple shadow_vmcs pml ept_mode_based_exec tsc_scaling
bugs		: cpu_meltdown spectre_v1 spectre_v2 spec_store_bypass l1tf mds swapgs taa itlb_multihit mmio_stale_data retbleed gds
bogomips	: 4400.00
clflush size	: 64
cache_alignment	: 64
address sizes	: 46 bits physical, 48 bits virtual
power management:

processor	: 20
vendor_id	: GenuineIntel
cpu family	: 6
model		: 85
model name	: Intel(R) Xeon(R) Gold 5120 CPU @ 2.20GHz
stepping	: 4
microcode	: 0x2007006
cpu MHz		: 1991.542
cache size	: 19712 KB
physical id	: 0
siblings	: 28
core id		: 6
cpu cores	: 14
apicid		: 13
initial apicid	: 13
fpu		: yes
fpu_exception	: yes
cpuid level	: 22
wp		: yes
flags		: fpu vme de pse tsc msr pae mce cx8 apic sep mtrr pge mca cmov pat pse36 clflush dts acpi mmx fxsr sse sse2 ss ht tm pbe syscall nx pdpe1gb rdtscp lm constant_tsc art arch_perfmon pebs bts rep_good nopl xtopology nonstop_tsc cpuid aperfmperf pni pclmulqdq dtes64 monitor ds_cpl vmx smx est tm2 ssse3 sdbg fma cx16 xtpr pdcm pcid dca sse4_1 sse4_2 x2apic movbe popcnt tsc_deadline_timer aes xsave avx f16c rdrand lahf_lm abm 3dnowprefetch cpuid_fault epb cat_l3 cdp_l3 invpcid_single pti intel_ppin ssbd mba ibrs ibpb stibp tpr_shadow vnmi flexpriority ept vpid ept_ad fsgsbase tsc_adjust bmi1 hle avx2 smep bmi2 erms invpcid rtm cqm mpx rdt_a avx512f avx512dq rdseed adx smap clflushopt clwb intel_pt avx512cd avx512bw avx512vl xsaveopt xsavec xgetbv1 xsaves cqm_llc cqm_occup_llc cqm_mbm_total cqm_mbm_local dtherm ida arat pln pts pku ospke md_clear flush_l1d arch_capabilities
vmx flags	: vnmi preemption_timer posted_intr invvpid ept_x_only ept_ad ept_1gb flexpriority apicv tsc_offset vtpr mtf vapic ept vpid unrestricted_guest vapic_reg vid ple shadow_vmcs pml ept_mode_based_exec tsc_scaling
bugs		: cpu_meltdown spectre_v1 spectre_v2 spec_store_bypass l1tf mds swapgs taa itlb_multihit mmio_stale_data retbleed gds
bogomips	: 4400.00
clflush size	: 64
cache_alignment	: 64
address sizes	: 46 bits physical, 48 bits virtual
power management:

processor	: 21
vendor_id	: GenuineIntel
cpu family	: 6
model		: 85
model name	: Intel(R) Xeon(R) Gold 5120 CPU @ 2.20GHz
stepping	: 4
microcode	: 0x2007006
cpu MHz		: 1900.000
cache size	: 19712 KB
physical id	: 0
siblings	: 28
core id		: 8
cpu cores	: 14
apicid		: 17
initial apicid	: 17
fpu		: yes
fpu_exception	: yes
cpuid level	: 22
wp		: yes
flags		: fpu vme de pse tsc msr pae mce cx8 apic sep mtrr pge mca cmov pat pse36 clflush dts acpi mmx fxsr sse sse2 ss ht tm pbe syscall nx pdpe1gb rdtscp lm constant_tsc art arch_perfmon pebs bts rep_good nopl xtopology nonstop_tsc cpuid aperfmperf pni pclmulqdq dtes64 monitor ds_cpl vmx smx est tm2 ssse3 sdbg fma cx16 xtpr pdcm pcid dca sse4_1 sse4_2 x2apic movbe popcnt tsc_deadline_timer aes xsave avx f16c rdrand lahf_lm abm 3dnowprefetch cpuid_fault epb cat_l3 cdp_l3 invpcid_single pti intel_ppin ssbd mba ibrs ibpb stibp tpr_shadow vnmi flexpriority ept vpid ept_ad fsgsbase tsc_adjust bmi1 hle avx2 smep bmi2 erms invpcid rtm cqm mpx rdt_a avx512f avx512dq rdseed adx smap clflushopt clwb intel_pt avx512cd avx512bw avx512vl xsaveopt xsavec xgetbv1 xsaves cqm_llc cqm_occup_llc cqm_mbm_total cqm_mbm_local dtherm ida arat pln pts pku ospke md_clear flush_l1d arch_capabilities
vmx flags	: vnmi preemption_timer posted_intr invvpid ept_x_only ept_ad ept_1gb flexpriority apicv tsc_offset vtpr mtf vapic ept vpid unrestricted_guest vapic_reg vid ple shadow_vmcs pml ept_mode_based_exec tsc_scaling
bugs		: cpu_meltdown spectre_v1 spectre_v2 spec_store_bypass l1tf mds swapgs taa itlb_multihit mmio_stale_data retbleed gds
bogomips	: 4400.00
clflush size	: 64
cache_alignment	: 64
address sizes	: 46 bits physical, 48 bits virtual
power management:

processor	: 22
vendor_id	: GenuineIntel
cpu family	: 6
model		: 85
model name	: Intel(R) Xeon(R) Gold 5120 CPU @ 2.20GHz
stepping	: 4
microcode	: 0x2007006
cpu MHz		: 1000.000
cache size	: 19712 KB
physical id	: 0
siblings	: 28
core id		: 9
cpu cores	: 14
apicid		: 19
initial apicid	: 19
fpu		: yes
fpu_exception	: yes
cpuid level	: 22
wp		: yes
flags		: fpu vme de pse tsc msr pae mce cx8 apic sep mtrr pge mca cmov pat pse36 clflush dts acpi mmx fxsr sse sse2 ss ht tm pbe syscall nx pdpe1gb rdtscp lm constant_tsc art arch_perfmon pebs bts rep_good nopl xtopology nonstop_tsc cpuid aperfmperf pni pclmulqdq dtes64 monitor ds_cpl vmx smx est tm2 ssse3 sdbg fma cx16 xtpr pdcm pcid dca sse4_1 sse4_2 x2apic movbe popcnt tsc_deadline_timer aes xsave avx f16c rdrand lahf_lm abm 3dnowprefetch cpuid_fault epb cat_l3 cdp_l3 invpcid_single pti intel_ppin ssbd mba ibrs ibpb stibp tpr_shadow vnmi flexpriority ept vpid ept_ad fsgsbase tsc_adjust bmi1 hle avx2 smep bmi2 erms invpcid rtm cqm mpx rdt_a avx512f avx512dq rdseed adx smap clflushopt clwb intel_pt avx512cd avx512bw avx512vl xsaveopt xsavec xgetbv1 xsaves cqm_llc cqm_occup_llc cqm_mbm_total cqm_mbm_local dtherm ida arat pln pts pku ospke md_clear flush_l1d arch_capabilities
vmx flags	: vnmi preemption_timer posted_intr invvpid ept_x_only ept_ad ept_1gb flexpriority apicv tsc_offset vtpr mtf vapic ept vpid unrestricted_guest vapic_reg vid ple shadow_vmcs pml ept_mode_based_exec tsc_scaling
bugs		: cpu_meltdown spectre_v1 spectre_v2 spec_store_bypass l1tf mds swapgs taa itlb_multihit mmio_stale_data retbleed gds
bogomips	: 4400.00
clflush size	: 64
cache_alignment	: 64
address sizes	: 46 bits physical, 48 bits virtual
power management:

processor	: 23
vendor_id	: GenuineIntel
cpu family	: 6
model		: 85
model name	: Intel(R) Xeon(R) Gold 5120 CPU @ 2.20GHz
stepping	: 4
microcode	: 0x2007006
cpu MHz		: 1000.000
cache size	: 19712 KB
physical id	: 0
siblings	: 28
core id		: 10
cpu cores	: 14
apicid		: 21
initial apicid	: 21
fpu		: yes
fpu_exception	: yes
cpuid level	: 22
wp		: yes
flags		: fpu vme de pse tsc msr pae mce cx8 apic sep mtrr pge mca cmov pat pse36 clflush dts acpi mmx fxsr sse sse2 ss ht tm pbe syscall nx pdpe1gb rdtscp lm constant_tsc art arch_perfmon pebs bts rep_good nopl xtopology nonstop_tsc cpuid aperfmperf pni pclmulqdq dtes64 monitor ds_cpl vmx smx est tm2 ssse3 sdbg fma cx16 xtpr pdcm pcid dca sse4_1 sse4_2 x2apic movbe popcnt tsc_deadline_timer aes xsave avx f16c rdrand lahf_lm abm 3dnowprefetch cpuid_fault epb cat_l3 cdp_l3 invpcid_single pti intel_ppin ssbd mba ibrs ibpb stibp tpr_shadow vnmi flexpriority ept vpid ept_ad fsgsbase tsc_adjust bmi1 hle avx2 smep bmi2 erms invpcid rtm cqm mpx rdt_a avx512f avx512dq rdseed adx smap clflushopt clwb intel_pt avx512cd avx512bw avx512vl xsaveopt xsavec xgetbv1 xsaves cqm_llc cqm_occup_llc cqm_mbm_total cqm_mbm_local dtherm ida arat pln pts pku ospke md_clear flush_l1d arch_capabilities
vmx flags	: vnmi preemption_timer posted_intr invvpid ept_x_only ept_ad ept_1gb flexpriority apicv tsc_offset vtpr mtf vapic ept vpid unrestricted_guest vapic_reg vid ple shadow_vmcs pml ept_mode_based_exec tsc_scaling
bugs		: cpu_meltdown spectre_v1 spectre_v2 spec_store_bypass l1tf mds swapgs taa itlb_multihit mmio_stale_data retbleed gds
bogomips	: 4400.00
clflush size	: 64
cache_alignment	: 64
address sizes	: 46 bits physical, 48 bits virtual
power management:

processor	: 24
vendor_id	: GenuineIntel
cpu family	: 6
model		: 85
model name	: Intel(R) Xeon(R) Gold 5120 CPU @ 2.20GHz
stepping	: 4
microcode	: 0x2007006
cpu MHz		: 1000.000
cache size	: 19712 KB
physical id	: 0
siblings	: 28
core id		: 11
cpu cores	: 14
apicid		: 23
initial apicid	: 23
fpu		: yes
fpu_exception	: yes
cpuid level	: 22
wp		: yes
flags		: fpu vme de pse tsc msr pae mce cx8 apic sep mtrr pge mca cmov pat pse36 clflush dts acpi mmx fxsr sse sse2 ss ht tm pbe syscall nx pdpe1gb rdtscp lm constant_tsc art arch_perfmon pebs bts rep_good nopl xtopology nonstop_tsc cpuid aperfmperf pni pclmulqdq dtes64 monitor ds_cpl vmx smx est tm2 ssse3 sdbg fma cx16 xtpr pdcm pcid dca sse4_1 sse4_2 x2apic movbe popcnt tsc_deadline_timer aes xsave avx f16c rdrand lahf_lm abm 3dnowprefetch cpuid_fault epb cat_l3 cdp_l3 invpcid_single pti intel_ppin ssbd mba ibrs ibpb stibp tpr_shadow vnmi flexpriority ept vpid ept_ad fsgsbase tsc_adjust bmi1 hle avx2 smep bmi2 erms invpcid rtm cqm mpx rdt_a avx512f avx512dq rdseed adx smap clflushopt clwb intel_pt avx512cd avx512bw avx512vl xsaveopt xsavec xgetbv1 xsaves cqm_llc cqm_occup_llc cqm_mbm_total cqm_mbm_local dtherm ida arat pln pts pku ospke md_clear flush_l1d arch_capabilities
vmx flags	: vnmi preemption_timer posted_intr invvpid ept_x_only ept_ad ept_1gb flexpriority apicv tsc_offset vtpr mtf vapic ept vpid unrestricted_guest vapic_reg vid ple shadow_vmcs pml ept_mode_based_exec tsc_scaling
bugs		: cpu_meltdown spectre_v1 spectre_v2 spec_store_bypass l1tf mds swapgs taa itlb_multihit mmio_stale_data retbleed gds
bogomips	: 4400.00
clflush size	: 64
cache_alignment	: 64
address sizes	: 46 bits physical, 48 bits virtual
power management:

processor	: 25
vendor_id	: GenuineIntel
cpu family	: 6
model		: 85
model name	: Intel(R) Xeon(R) Gold 5120 CPU @ 2.20GHz
stepping	: 4
microcode	: 0x2007006
cpu MHz		: 1100.000
cache size	: 19712 KB
physical id	: 0
siblings	: 28
core id		: 12
cpu cores	: 14
apicid		: 25
initial apicid	: 25
fpu		: yes
fpu_exception	: yes
cpuid level	: 22
wp		: yes
flags		: fpu vme de pse tsc msr pae mce cx8 apic sep mtrr pge mca cmov pat pse36 clflush dts acpi mmx fxsr sse sse2 ss ht tm pbe syscall nx pdpe1gb rdtscp lm constant_tsc art arch_perfmon pebs bts rep_good nopl xtopology nonstop_tsc cpuid aperfmperf pni pclmulqdq dtes64 monitor ds_cpl vmx smx est tm2 ssse3 sdbg fma cx16 xtpr pdcm pcid dca sse4_1 sse4_2 x2apic movbe popcnt tsc_deadline_timer aes xsave avx f16c rdrand lahf_lm abm 3dnowprefetch cpuid_fault epb cat_l3 cdp_l3 invpcid_single pti intel_ppin ssbd mba ibrs ibpb stibp tpr_shadow vnmi flexpriority ept vpid ept_ad fsgsbase tsc_adjust bmi1 hle avx2 smep bmi2 erms invpcid rtm cqm mpx rdt_a avx512f avx512dq rdseed adx smap clflushopt clwb intel_pt avx512cd avx512bw avx512vl xsaveopt xsavec xgetbv1 xsaves cqm_llc cqm_occup_llc cqm_mbm_total cqm_mbm_local dtherm ida arat pln pts pku ospke md_clear flush_l1d arch_capabilities
vmx flags	: vnmi preemption_timer posted_intr invvpid ept_x_only ept_ad ept_1gb flexpriority apicv tsc_offset vtpr mtf vapic ept vpid unrestricted_guest vapic_reg vid ple shadow_vmcs pml ept_mode_based_exec tsc_scaling
bugs		: cpu_meltdown spectre_v1 spectre_v2 spec_store_bypass l1tf mds swapgs taa itlb_multihit mmio_stale_data retbleed gds
bogomips	: 4400.00
clflush size	: 64
cache_alignment	: 64
address sizes	: 46 bits physical, 48 bits virtual
power management:

processor	: 26
vendor_id	: GenuineIntel
cpu family	: 6
model		: 85
model name	: Intel(R) Xeon(R) Gold 5120 CPU @ 2.20GHz
stepping	: 4
microcode	: 0x2007006
cpu MHz		: 2676.734
cache size	: 19712 KB
physical id	: 0
siblings	: 28
core id		: 13
cpu cores	: 14
apicid		: 27
initial apicid	: 27
fpu		: yes
fpu_exception	: yes
cpuid level	: 22
wp		: yes
flags		: fpu vme de pse tsc msr pae mce cx8 apic sep mtrr pge mca cmov pat pse36 clflush dts acpi mmx fxsr sse sse2 ss ht tm pbe syscall nx pdpe1gb rdtscp lm constant_tsc art arch_perfmon pebs bts rep_good nopl xtopology nonstop_tsc cpuid aperfmperf pni pclmulqdq dtes64 monitor ds_cpl vmx smx est tm2 ssse3 sdbg fma cx16 xtpr pdcm pcid dca sse4_1 sse4_2 x2apic movbe popcnt tsc_deadline_timer aes xsave avx f16c rdrand lahf_lm abm 3dnowprefetch cpuid_fault epb cat_l3 cdp_l3 invpcid_single pti intel_ppin ssbd mba ibrs ibpb stibp tpr_shadow vnmi flexpriority ept vpid ept_ad fsgsbase tsc_adjust bmi1 hle avx2 smep bmi2 erms invpcid rtm cqm mpx rdt_a avx512f avx512dq rdseed adx smap clflushopt clwb intel_pt avx512cd avx512bw avx512vl xsaveopt xsavec xgetbv1 xsaves cqm_llc cqm_occup_llc cqm_mbm_total cqm_mbm_local dtherm ida arat pln pts pku ospke md_clear flush_l1d arch_capabilities
vmx flags	: vnmi preemption_timer posted_intr invvpid ept_x_only ept_ad ept_1gb flexpriority apicv tsc_offset vtpr mtf vapic ept vpid unrestricted_guest vapic_reg vid ple shadow_vmcs pml ept_mode_based_exec tsc_scaling
bugs		: cpu_meltdown spectre_v1 spectre_v2 spec_store_bypass l1tf mds swapgs taa itlb_multihit mmio_stale_data retbleed gds
bogomips	: 4400.00
clflush size	: 64
cache_alignment	: 64
address sizes	: 46 bits physical, 48 bits virtual
power management:

processor	: 27
vendor_id	: GenuineIntel
cpu family	: 6
model		: 85
model name	: Intel(R) Xeon(R) Gold 5120 CPU @ 2.20GHz
stepping	: 4
microcode	: 0x2007006
cpu MHz		: 1876.915
cache size	: 19712 KB
physical id	: 0
siblings	: 28
core id		: 14
cpu cores	: 14
apicid		: 29
initial apicid	: 29
fpu		: yes
fpu_exception	: yes
cpuid level	: 22
wp		: yes
flags		: fpu vme de pse tsc msr pae mce cx8 apic sep mtrr pge mca cmov pat pse36 clflush dts acpi mmx fxsr sse sse2 ss ht tm pbe syscall nx pdpe1gb rdtscp lm constant_tsc art arch_perfmon pebs bts rep_good nopl xtopology nonstop_tsc cpuid aperfmperf pni pclmulqdq dtes64 monitor ds_cpl vmx smx est tm2 ssse3 sdbg fma cx16 xtpr pdcm pcid dca sse4_1 sse4_2 x2apic movbe popcnt tsc_deadline_timer aes xsave avx f16c rdrand lahf_lm abm 3dnowprefetch cpuid_fault epb cat_l3 cdp_l3 invpcid_single pti intel_ppin ssbd mba ibrs ibpb stibp tpr_shadow vnmi flexpriority ept vpid ept_ad fsgsbase tsc_adjust bmi1 hle avx2 smep bmi2 erms invpcid rtm cqm mpx rdt_a avx512f avx512dq rdseed adx smap clflushopt clwb intel_pt avx512cd avx512bw avx512vl xsaveopt xsavec xgetbv1 xsaves cqm_llc cqm_occup_llc cqm_mbm_total cqm_mbm_local dtherm ida arat pln pts pku ospke md_clear flush_l1d arch_capabilities
vmx flags	: vnmi preemption_timer posted_intr invvpid ept_x_only ept_ad ept_1gb flexpriority apicv tsc_offset vtpr mtf vapic ept vpid unrestricted_guest vapic_reg vid ple shadow_vmcs pml ept_mode_based_exec tsc_scaling
bugs		: cpu_meltdown spectre_v1 spectre_v2 spec_store_bypass l1tf mds swapgs taa itlb_multihit mmio_stale_data retbleed gds
bogomips	: 4400.00
clflush size	: 64
cache_alignment	: 64
address sizes	: 46 bits physical, 48 bits virtual
power management:



Memory: 4k page, physical 97493356k(52760680k free), swap 123729916k(123003132k free)

vm_info: OpenJDK 64-Bit Server VM (25.412-b08) for linux-amd64 JRE (1.8.0_412-8u412-ga-1~20.04.1-b08), built on May 30 2024 06:03:26 by "buildd" with gcc 9.4.0

time: Wed Jul 10 19:29:17 2024
timezone: EDT
elapsed time: 0.073528 seconds (0d 0h 0m 0s)

